<?xml version="1.0" encoding="UTF-8" standalone="yes"?><!DOCTYPE report PUBLIC "-//JACOCO//DTD Report 1.0//EN" "report.dtd"><report name="debugAndroidTest"><sessioninfo id="unknownhost-71673484" start="1607139961730" dump="1607140642611"/><package name="com/tourtrek/adapters"><class name="com/tourtrek/adapters/CurrentTourAttractionsAdapter"><method name="&lt;init&gt;" desc="(Landroid/content/Context;)V" line="51"><counter type="INSTRUCTION" missed="0" covered="21"/><counter type="LINE" missed="0" covered="6"/><counter type="COMPLEXITY" missed="0" covered="1"/><counter type="METHOD" missed="0" covered="1"/></method><method name="onCreateViewHolder" desc="(Landroid/view/ViewGroup;I)Lcom/tourtrek/adapters/CurrentTourAttractionsAdapter$CurrentAttractionsViewHolder;" line="61"><counter type="INSTRUCTION" missed="0" covered="13"/><counter type="LINE" missed="0" covered="2"/><counter type="COMPLEXITY" missed="0" covered="1"/><counter type="METHOD" missed="0" covered="1"/></method><method name="onBindViewHolder" desc="(Lcom/tourtrek/adapters/CurrentTourAttractionsAdapter$CurrentAttractionsViewHolder;I)V" line="69"><counter type="INSTRUCTION" missed="25" covered="161"/><counter type="BRANCH" missed="5" covered="3"/><counter type="LINE" missed="7" covered="33"/><counter type="COMPLEXITY" missed="4" covered="1"/><counter type="METHOD" missed="0" covered="1"/></method><method name="onAttachedToRecyclerView" desc="(Landroidx/recyclerview/widget/RecyclerView;)V" line="129"><counter type="INSTRUCTION" missed="0" covered="4"/><counter type="LINE" missed="0" covered="2"/><counter type="COMPLEXITY" missed="0" covered="1"/><counter type="METHOD" missed="0" covered="1"/></method><method name="getItemCount" desc="()I" line="134"><counter type="INSTRUCTION" missed="0" covered="4"/><counter type="LINE" missed="0" covered="1"/><counter type="COMPLEXITY" missed="0" covered="1"/><counter type="METHOD" missed="0" covered="1"/></method><method name="addNewData" desc="(Lcom/tourtrek/data/Attraction;)V" line="143"><counter type="INSTRUCTION" missed="0" covered="8"/><counter type="LINE" missed="0" covered="3"/><counter type="COMPLEXITY" missed="0" covered="1"/><counter type="METHOD" missed="0" covered="1"/></method><method name="addAll" desc="(Ljava/util/List;)V" line="153"><counter type="INSTRUCTION" missed="8" covered="0"/><counter type="LINE" missed="3" covered="0"/><counter type="COMPLEXITY" missed="1" covered="0"/><counter type="METHOD" missed="1" covered="0"/></method><method name="getData" desc="(I)Lcom/tourtrek/data/Attraction;" line="165"><counter type="INSTRUCTION" missed="0" covered="6"/><counter type="LINE" missed="0" covered="1"/><counter type="COMPLEXITY" missed="0" covered="1"/><counter type="METHOD" missed="0" covered="1"/></method><method name="clear" desc="()V" line="172"><counter type="INSTRUCTION" missed="0" covered="11"/><counter type="LINE" missed="0" covered="4"/><counter type="COMPLEXITY" missed="0" covered="1"/><counter type="METHOD" missed="0" covered="1"/></method><method name="getDataSetCopy" desc="()Ljava/util/List;" line="178"><counter type="INSTRUCTION" missed="3" covered="0"/><counter type="LINE" missed="1" covered="0"/><counter type="COMPLEXITY" missed="1" covered="0"/><counter type="METHOD" missed="1" covered="0"/></method><method name="getDataSet" desc="()Ljava/util/List;" line="182"><counter type="INSTRUCTION" missed="0" covered="3"/><counter type="LINE" missed="0" covered="1"/><counter type="COMPLEXITY" missed="0" covered="1"/><counter type="METHOD" missed="0" covered="1"/></method><method name="copyAttractions" desc="(Ljava/util/List;)V" line="186"><counter type="INSTRUCTION" missed="0" covered="13"/><counter type="LINE" missed="0" covered="3"/><counter type="COMPLEXITY" missed="0" covered="1"/><counter type="METHOD" missed="0" covered="1"/></method><method name="getDataSetFiltered" desc="()Ljava/util/List;" line="191"><counter type="INSTRUCTION" missed="3" covered="0"/><counter type="LINE" missed="1" covered="0"/><counter type="COMPLEXITY" missed="1" covered="0"/><counter type="METHOD" missed="1" covered="0"/></method><method name="setDataSetFiltered" desc="(Ljava/util/List;)V" line="195"><counter type="INSTRUCTION" missed="7" covered="0"/><counter type="LINE" missed="2" covered="0"/><counter type="COMPLEXITY" missed="1" covered="0"/><counter type="METHOD" missed="1" covered="0"/></method><method name="stopLoading" desc="()V" line="202"><counter type="INSTRUCTION" missed="0" covered="21"/><counter type="BRANCH" missed="0" covered="2"/><counter type="LINE" missed="0" covered="4"/><counter type="COMPLEXITY" missed="0" covered="2"/><counter type="METHOD" missed="0" covered="1"/></method><counter type="INSTRUCTION" missed="46" covered="265"/><counter type="BRANCH" missed="5" covered="5"/><counter type="LINE" missed="14" covered="60"/><counter type="COMPLEXITY" missed="8" covered="12"/><counter type="METHOD" missed="4" covered="11"/><counter type="CLASS" missed="0" covered="1"/></class><class name="com/tourtrek/adapters/PastPersonalToursAdapter"><method name="&lt;init&gt;" desc="(Landroid/content/Context;)V" line="41"><counter type="INSTRUCTION" missed="0" covered="11"/><counter type="LINE" missed="0" covered="4"/><counter type="COMPLEXITY" missed="0" covered="1"/><counter type="METHOD" missed="0" covered="1"/></method><method name="onCreateViewHolder" desc="(Landroid/view/ViewGroup;I)Lcom/tourtrek/adapters/PastPersonalToursAdapter$PastPersonalToursViewHolder;" line="49"><counter type="INSTRUCTION" missed="0" covered="13"/><counter type="LINE" missed="0" covered="2"/><counter type="COMPLEXITY" missed="0" covered="1"/><counter type="METHOD" missed="0" covered="1"/></method><method name="onBindViewHolder" desc="(Lcom/tourtrek/adapters/PastPersonalToursAdapter$PastPersonalToursViewHolder;I)V" line="57"><counter type="INSTRUCTION" missed="0" covered="62"/><counter type="LINE" missed="0" covered="10"/><counter type="COMPLEXITY" missed="0" covered="1"/><counter type="METHOD" missed="0" covered="1"/></method><method name="getItemCount" desc="()I" line="72"><counter type="INSTRUCTION" missed="0" covered="4"/><counter type="LINE" missed="0" covered="1"/><counter type="COMPLEXITY" missed="0" covered="1"/><counter type="METHOD" missed="0" covered="1"/></method><method name="addNewData" desc="(Lcom/tourtrek/data/Tour;)V" line="81"><counter type="INSTRUCTION" missed="12" covered="15"/><counter type="BRANCH" missed="3" covered="1"/><counter type="LINE" missed="3" covered="4"/><counter type="COMPLEXITY" missed="2" covered="1"/><counter type="METHOD" missed="0" covered="1"/></method><method name="addAll" desc="(Ljava/util/List;)V" line="95"><counter type="INSTRUCTION" missed="8" covered="0"/><counter type="LINE" missed="3" covered="0"/><counter type="COMPLEXITY" missed="1" covered="0"/><counter type="METHOD" missed="1" covered="0"/></method><method name="getData" desc="(I)Lcom/tourtrek/data/Tour;" line="107"><counter type="INSTRUCTION" missed="0" covered="6"/><counter type="LINE" missed="0" covered="1"/><counter type="COMPLEXITY" missed="0" covered="1"/><counter type="METHOD" missed="0" covered="1"/></method><method name="clear" desc="()V" line="114"><counter type="INSTRUCTION" missed="6" covered="0"/><counter type="LINE" missed="3" covered="0"/><counter type="COMPLEXITY" missed="1" covered="0"/><counter type="METHOD" missed="1" covered="0"/></method><method name="stopLoading" desc="()V" line="122"><counter type="INSTRUCTION" missed="0" covered="21"/><counter type="BRANCH" missed="0" covered="2"/><counter type="LINE" missed="0" covered="4"/><counter type="COMPLEXITY" missed="0" covered="2"/><counter type="METHOD" missed="0" covered="1"/></method><counter type="INSTRUCTION" missed="26" covered="132"/><counter type="BRANCH" missed="3" covered="3"/><counter type="LINE" missed="9" covered="26"/><counter type="COMPLEXITY" missed="4" covered="8"/><counter type="METHOD" missed="2" covered="7"/><counter type="CLASS" missed="0" covered="1"/></class><class name="com/tourtrek/adapters/FriendsOfFriendsAdapter$FriendsOfFriendsViewHolder"><method name="&lt;init&gt;" desc="(Landroid/view/View;)V" line="40"><counter type="INSTRUCTION" missed="16" covered="0"/><counter type="LINE" missed="4" covered="0"/><counter type="COMPLEXITY" missed="1" covered="0"/><counter type="METHOD" missed="1" covered="0"/></method><counter type="INSTRUCTION" missed="16" covered="0"/><counter type="LINE" missed="4" covered="0"/><counter type="COMPLEXITY" missed="1" covered="0"/><counter type="METHOD" missed="1" covered="0"/><counter type="CLASS" missed="1" covered="0"/></class><class name="com/tourtrek/adapters/ToursOfFriendsAdapter"><method name="&lt;init&gt;" desc="(Landroid/content/Context;)V" line="55"><counter type="INSTRUCTION" missed="11" covered="0"/><counter type="LINE" missed="4" covered="0"/><counter type="COMPLEXITY" missed="1" covered="0"/><counter type="METHOD" missed="1" covered="0"/></method><method name="onCreateViewHolder" desc="(Landroid/view/ViewGroup;I)Lcom/tourtrek/adapters/ToursOfFriendsAdapter$ToursOfFriendsViewHolder;" line="63"><counter type="INSTRUCTION" missed="13" covered="0"/><counter type="LINE" missed="2" covered="0"/><counter type="COMPLEXITY" missed="1" covered="0"/><counter type="METHOD" missed="1" covered="0"/></method><method name="onBindViewHolder" desc="(Lcom/tourtrek/adapters/ToursOfFriendsAdapter$ToursOfFriendsViewHolder;I)V" line="69"><counter type="INSTRUCTION" missed="70" covered="0"/><counter type="LINE" missed="12" covered="0"/><counter type="COMPLEXITY" missed="1" covered="0"/><counter type="METHOD" missed="1" covered="0"/></method><method name="onAttachedToRecyclerView" desc="(Landroidx/recyclerview/widget/RecyclerView;)V" line="106"><counter type="INSTRUCTION" missed="4" covered="0"/><counter type="LINE" missed="2" covered="0"/><counter type="COMPLEXITY" missed="1" covered="0"/><counter type="METHOD" missed="1" covered="0"/></method><method name="getItemCount" desc="()I" line="112"><counter type="INSTRUCTION" missed="4" covered="0"/><counter type="LINE" missed="1" covered="0"/><counter type="COMPLEXITY" missed="1" covered="0"/><counter type="METHOD" missed="1" covered="0"/></method><method name="add" desc="(Lcom/tourtrek/data/Tour;)V" line="121"><counter type="INSTRUCTION" missed="8" covered="0"/><counter type="LINE" missed="3" covered="0"/><counter type="COMPLEXITY" missed="1" covered="0"/><counter type="METHOD" missed="1" covered="0"/></method><method name="addAll" desc="(Ljava/util/List;)V" line="131"><counter type="INSTRUCTION" missed="8" covered="0"/><counter type="LINE" missed="3" covered="0"/><counter type="COMPLEXITY" missed="1" covered="0"/><counter type="METHOD" missed="1" covered="0"/></method><method name="getData" desc="(I)Lcom/tourtrek/data/Tour;" line="145"><counter type="INSTRUCTION" missed="6" covered="0"/><counter type="LINE" missed="1" covered="0"/><counter type="COMPLEXITY" missed="1" covered="0"/><counter type="METHOD" missed="1" covered="0"/></method><method name="clear" desc="()V" line="152"><counter type="INSTRUCTION" missed="6" covered="0"/><counter type="LINE" missed="3" covered="0"/><counter type="COMPLEXITY" missed="1" covered="0"/><counter type="METHOD" missed="1" covered="0"/></method><method name="stopLoading" desc="()V" line="160"><counter type="INSTRUCTION" missed="21" covered="0"/><counter type="BRANCH" missed="2" covered="0"/><counter type="LINE" missed="4" covered="0"/><counter type="COMPLEXITY" missed="2" covered="0"/><counter type="METHOD" missed="1" covered="0"/></method><counter type="INSTRUCTION" missed="151" covered="0"/><counter type="BRANCH" missed="2" covered="0"/><counter type="LINE" missed="35" covered="0"/><counter type="COMPLEXITY" missed="11" covered="0"/><counter type="METHOD" missed="10" covered="0"/><counter type="CLASS" missed="1" covered="0"/></class><class name="com/tourtrek/adapters/ToursOfFriendsAdapter$ToursOfFriendsViewHolder"><method name="&lt;init&gt;" desc="(Landroid/view/View;)V" line="45"><counter type="INSTRUCTION" missed="22" covered="0"/><counter type="LINE" missed="5" covered="0"/><counter type="COMPLEXITY" missed="1" covered="0"/><counter type="METHOD" missed="1" covered="0"/></method><counter type="INSTRUCTION" missed="22" covered="0"/><counter type="LINE" missed="5" covered="0"/><counter type="COMPLEXITY" missed="1" covered="0"/><counter type="METHOD" missed="1" covered="0"/><counter type="CLASS" missed="1" covered="0"/></class><class name="com/tourtrek/adapters/FriendsAdapter"><method name="&lt;init&gt;" desc="(Landroid/content/Context;)V" line="46"><counter type="INSTRUCTION" missed="0" covered="11"/><counter type="LINE" missed="0" covered="4"/><counter type="COMPLEXITY" missed="0" covered="1"/><counter type="METHOD" missed="0" covered="1"/></method><method name="onCreateViewHolder" desc="(Landroid/view/ViewGroup;I)Lcom/tourtrek/adapters/FriendsAdapter$FriendsViewHolder;" line="54"><counter type="INSTRUCTION" missed="0" covered="13"/><counter type="LINE" missed="0" covered="2"/><counter type="COMPLEXITY" missed="0" covered="1"/><counter type="METHOD" missed="0" covered="1"/></method><method name="onBindViewHolder" desc="(Lcom/tourtrek/adapters/FriendsAdapter$FriendsViewHolder;I)V" line="62"><counter type="INSTRUCTION" missed="0" covered="68"/><counter type="LINE" missed="0" covered="13"/><counter type="COMPLEXITY" missed="0" covered="1"/><counter type="METHOD" missed="0" covered="1"/></method><method name="onAttachedToRecyclerView" desc="(Landroidx/recyclerview/widget/RecyclerView;)V" line="82"><counter type="INSTRUCTION" missed="0" covered="4"/><counter type="LINE" missed="0" covered="2"/><counter type="COMPLEXITY" missed="0" covered="1"/><counter type="METHOD" missed="0" covered="1"/></method><method name="getItemCount" desc="()I" line="88"><counter type="INSTRUCTION" missed="0" covered="4"/><counter type="LINE" missed="0" covered="1"/><counter type="COMPLEXITY" missed="0" covered="1"/><counter type="METHOD" missed="0" covered="1"/></method><method name="addNewData" desc="(Lcom/tourtrek/data/User;)V" line="97"><counter type="INSTRUCTION" missed="8" covered="0"/><counter type="LINE" missed="3" covered="0"/><counter type="COMPLEXITY" missed="1" covered="0"/><counter type="METHOD" missed="1" covered="0"/></method><method name="addAll" desc="(Ljava/util/List;)V" line="107"><counter type="INSTRUCTION" missed="0" covered="8"/><counter type="LINE" missed="0" covered="3"/><counter type="COMPLEXITY" missed="0" covered="1"/><counter type="METHOD" missed="0" covered="1"/></method><method name="add" desc="(Lcom/tourtrek/data/User;)V" line="117"><counter type="INSTRUCTION" missed="8" covered="0"/><counter type="LINE" missed="3" covered="0"/><counter type="COMPLEXITY" missed="1" covered="0"/><counter type="METHOD" missed="1" covered="0"/></method><method name="getData" desc="(I)Lcom/tourtrek/data/User;" line="129"><counter type="INSTRUCTION" missed="6" covered="0"/><counter type="LINE" missed="1" covered="0"/><counter type="COMPLEXITY" missed="1" covered="0"/><counter type="METHOD" missed="1" covered="0"/></method><method name="clear" desc="()V" line="136"><counter type="INSTRUCTION" missed="0" covered="6"/><counter type="LINE" missed="0" covered="3"/><counter type="COMPLEXITY" missed="0" covered="1"/><counter type="METHOD" missed="0" covered="1"/></method><method name="stopLoading" desc="()V" line="144"><counter type="INSTRUCTION" missed="0" covered="21"/><counter type="BRANCH" missed="1" covered="1"/><counter type="LINE" missed="0" covered="4"/><counter type="COMPLEXITY" missed="1" covered="1"/><counter type="METHOD" missed="0" covered="1"/></method><counter type="INSTRUCTION" missed="22" covered="135"/><counter type="BRANCH" missed="1" covered="1"/><counter type="LINE" missed="7" covered="32"/><counter type="COMPLEXITY" missed="4" covered="8"/><counter type="METHOD" missed="3" covered="8"/><counter type="CLASS" missed="0" covered="1"/></class><class name="com/tourtrek/adapters/FuturePersonalToursAdapter$FuturePersonalToursViewHolder"><method name="&lt;init&gt;" desc="(Landroid/view/View;)V" line="34"><counter type="INSTRUCTION" missed="0" covered="16"/><counter type="LINE" missed="0" covered="4"/><counter type="COMPLEXITY" missed="0" covered="1"/><counter type="METHOD" missed="0" covered="1"/></method><counter type="INSTRUCTION" missed="0" covered="16"/><counter type="LINE" missed="0" covered="4"/><counter type="COMPLEXITY" missed="0" covered="1"/><counter type="METHOD" missed="0" covered="1"/><counter type="CLASS" missed="0" covered="1"/></class><class name="com/tourtrek/adapters/FriendsAdapter$FriendsViewHolder"><method name="&lt;init&gt;" desc="(Landroid/view/View;)V" line="35"><counter type="INSTRUCTION" missed="0" covered="16"/><counter type="LINE" missed="0" covered="4"/><counter type="COMPLEXITY" missed="0" covered="1"/><counter type="METHOD" missed="0" covered="1"/></method><counter type="INSTRUCTION" missed="0" covered="16"/><counter type="LINE" missed="0" covered="4"/><counter type="COMPLEXITY" missed="0" covered="1"/><counter type="METHOD" missed="0" covered="1"/><counter type="CLASS" missed="0" covered="1"/></class><class name="com/tourtrek/adapters/CurrentPersonalToursAdapter"><method name="&lt;init&gt;" desc="(Landroid/content/Context;)V" line="42"><counter type="INSTRUCTION" missed="0" covered="11"/><counter type="LINE" missed="0" covered="4"/><counter type="COMPLEXITY" missed="0" covered="1"/><counter type="METHOD" missed="0" covered="1"/></method><method name="onCreateViewHolder" desc="(Landroid/view/ViewGroup;I)Lcom/tourtrek/adapters/CurrentPersonalToursAdapter$CurrentPersonalToursViewHolder;" line="50"><counter type="INSTRUCTION" missed="0" covered="13"/><counter type="LINE" missed="0" covered="2"/><counter type="COMPLEXITY" missed="0" covered="1"/><counter type="METHOD" missed="0" covered="1"/></method><method name="onBindViewHolder" desc="(Lcom/tourtrek/adapters/CurrentPersonalToursAdapter$CurrentPersonalToursViewHolder;I)V" line="58"><counter type="INSTRUCTION" missed="0" covered="62"/><counter type="LINE" missed="0" covered="10"/><counter type="COMPLEXITY" missed="0" covered="1"/><counter type="METHOD" missed="0" covered="1"/></method><method name="onAttachedToRecyclerView" desc="(Landroidx/recyclerview/widget/RecyclerView;)V" line="74"><counter type="INSTRUCTION" missed="0" covered="4"/><counter type="LINE" missed="0" covered="2"/><counter type="COMPLEXITY" missed="0" covered="1"/><counter type="METHOD" missed="0" covered="1"/></method><method name="getItemCount" desc="()I" line="79"><counter type="INSTRUCTION" missed="0" covered="4"/><counter type="LINE" missed="0" covered="1"/><counter type="COMPLEXITY" missed="0" covered="1"/><counter type="METHOD" missed="0" covered="1"/></method><method name="addNewData" desc="(Lcom/tourtrek/data/Tour;)V" line="88"><counter type="INSTRUCTION" missed="12" covered="15"/><counter type="BRANCH" missed="3" covered="1"/><counter type="LINE" missed="3" covered="4"/><counter type="COMPLEXITY" missed="2" covered="1"/><counter type="METHOD" missed="0" covered="1"/></method><method name="addAll" desc="(Ljava/util/List;)V" line="102"><counter type="INSTRUCTION" missed="8" covered="0"/><counter type="LINE" missed="3" covered="0"/><counter type="COMPLEXITY" missed="1" covered="0"/><counter type="METHOD" missed="1" covered="0"/></method><method name="getData" desc="(I)Lcom/tourtrek/data/Tour;" line="114"><counter type="INSTRUCTION" missed="0" covered="6"/><counter type="LINE" missed="0" covered="1"/><counter type="COMPLEXITY" missed="0" covered="1"/><counter type="METHOD" missed="0" covered="1"/></method><method name="clear" desc="()V" line="121"><counter type="INSTRUCTION" missed="6" covered="0"/><counter type="LINE" missed="3" covered="0"/><counter type="COMPLEXITY" missed="1" covered="0"/><counter type="METHOD" missed="1" covered="0"/></method><method name="stopLoading" desc="()V" line="129"><counter type="INSTRUCTION" missed="0" covered="21"/><counter type="BRANCH" missed="0" covered="2"/><counter type="LINE" missed="0" covered="4"/><counter type="COMPLEXITY" missed="0" covered="2"/><counter type="METHOD" missed="0" covered="1"/></method><counter type="INSTRUCTION" missed="26" covered="136"/><counter type="BRANCH" missed="3" covered="3"/><counter type="LINE" missed="9" covered="28"/><counter type="COMPLEXITY" missed="4" covered="9"/><counter type="METHOD" missed="2" covered="8"/><counter type="CLASS" missed="0" covered="1"/></class><class name="com/tourtrek/adapters/TourMarketAdapter$TourMarketViewHolder"><method name="&lt;init&gt;" desc="(Landroid/view/View;)V" line="48"><counter type="INSTRUCTION" missed="28" covered="0"/><counter type="LINE" missed="6" covered="0"/><counter type="COMPLEXITY" missed="1" covered="0"/><counter type="METHOD" missed="1" covered="0"/></method><counter type="INSTRUCTION" missed="28" covered="0"/><counter type="LINE" missed="6" covered="0"/><counter type="COMPLEXITY" missed="1" covered="0"/><counter type="METHOD" missed="1" covered="0"/><counter type="CLASS" missed="1" covered="0"/></class><class name="com/tourtrek/adapters/TourMarketAdapter$1"><method name="&lt;init&gt;" desc="(Lcom/tourtrek/adapters/TourMarketAdapter;Lcom/tourtrek/adapters/TourMarketAdapter$TourMarketViewHolder;)V" line="85"><counter type="INSTRUCTION" missed="9" covered="0"/><counter type="LINE" missed="1" covered="0"/><counter type="COMPLEXITY" missed="1" covered="0"/><counter type="METHOD" missed="1" covered="0"/></method><method name="onLoadFailed" desc="(Lcom/bumptech/glide/load/engine/GlideException;Ljava/lang/Object;Lcom/bumptech/glide/request/target/Target;Z)Z" line="88"><counter type="INSTRUCTION" missed="10" covered="0"/><counter type="LINE" missed="3" covered="0"/><counter type="COMPLEXITY" missed="1" covered="0"/><counter type="METHOD" missed="1" covered="0"/></method><method name="onResourceReady" desc="(Landroid/graphics/drawable/Drawable;Ljava/lang/Object;Lcom/bumptech/glide/request/target/Target;Lcom/bumptech/glide/load/DataSource;Z)Z" line="95"><counter type="INSTRUCTION" missed="26" covered="0"/><counter type="BRANCH" missed="2" covered="0"/><counter type="LINE" missed="5" covered="0"/><counter type="COMPLEXITY" missed="2" covered="0"/><counter type="METHOD" missed="1" covered="0"/></method><counter type="INSTRUCTION" missed="45" covered="0"/><counter type="BRANCH" missed="2" covered="0"/><counter type="LINE" missed="9" covered="0"/><counter type="COMPLEXITY" missed="4" covered="0"/><counter type="METHOD" missed="3" covered="0"/><counter type="CLASS" missed="1" covered="0"/></class><class name="com/tourtrek/adapters/TourMarketAdapter"><method name="&lt;init&gt;" desc="(Landroid/content/Context;)V" line="57"><counter type="INSTRUCTION" missed="21" covered="0"/><counter type="LINE" missed="6" covered="0"/><counter type="COMPLEXITY" missed="1" covered="0"/><counter type="METHOD" missed="1" covered="0"/></method><method name="onCreateViewHolder" desc="(Landroid/view/ViewGroup;I)Lcom/tourtrek/adapters/TourMarketAdapter$TourMarketViewHolder;" line="67"><counter type="INSTRUCTION" missed="13" covered="0"/><counter type="LINE" missed="2" covered="0"/><counter type="COMPLEXITY" missed="1" covered="0"/><counter type="METHOD" missed="1" covered="0"/></method><method name="onBindViewHolder" desc="(Lcom/tourtrek/adapters/TourMarketAdapter$TourMarketViewHolder;I)V" line="75"><counter type="INSTRUCTION" missed="80" covered="0"/><counter type="LINE" missed="13" covered="0"/><counter type="COMPLEXITY" missed="1" covered="0"/><counter type="METHOD" missed="1" covered="0"/></method><method name="getItemCount" desc="()I" line="113"><counter type="INSTRUCTION" missed="4" covered="0"/><counter type="LINE" missed="1" covered="0"/><counter type="COMPLEXITY" missed="1" covered="0"/><counter type="METHOD" missed="1" covered="0"/></method><method name="addNewData" desc="(Lcom/tourtrek/data/Tour;)V" line="122"><counter type="INSTRUCTION" missed="8" covered="0"/><counter type="LINE" missed="3" covered="0"/><counter type="COMPLEXITY" missed="1" covered="0"/><counter type="METHOD" missed="1" covered="0"/></method><method name="addAll" desc="(Ljava/util/List;)V" line="132"><counter type="INSTRUCTION" missed="8" covered="0"/><counter type="LINE" missed="3" covered="0"/><counter type="COMPLEXITY" missed="1" covered="0"/><counter type="METHOD" missed="1" covered="0"/></method><method name="getData" desc="(I)Lcom/tourtrek/data/Tour;" line="144"><counter type="INSTRUCTION" missed="6" covered="0"/><counter type="LINE" missed="1" covered="0"/><counter type="COMPLEXITY" missed="1" covered="0"/><counter type="METHOD" missed="1" covered="0"/></method><method name="getDataSet" desc="()Ljava/util/List;" line="153"><counter type="INSTRUCTION" missed="3" covered="0"/><counter type="LINE" missed="1" covered="0"/><counter type="COMPLEXITY" missed="1" covered="0"/><counter type="METHOD" missed="1" covered="0"/></method><method name="clear" desc="()V" line="160"><counter type="INSTRUCTION" missed="11" covered="0"/><counter type="LINE" missed="4" covered="0"/><counter type="COMPLEXITY" missed="1" covered="0"/><counter type="METHOD" missed="1" covered="0"/></method><method name="copyTours" desc="(Ljava/util/List;)V" line="171"><counter type="INSTRUCTION" missed="13" covered="0"/><counter type="LINE" missed="3" covered="0"/><counter type="COMPLEXITY" missed="1" covered="0"/><counter type="METHOD" missed="1" covered="0"/></method><method name="getDataSetFiltered" desc="()Ljava/util/List;" line="176"><counter type="INSTRUCTION" missed="3" covered="0"/><counter type="LINE" missed="1" covered="0"/><counter type="COMPLEXITY" missed="1" covered="0"/><counter type="METHOD" missed="1" covered="0"/></method><method name="setDataSetFiltered" desc="(Ljava/util/List;)V" line="180"><counter type="INSTRUCTION" missed="7" covered="0"/><counter type="LINE" missed="2" covered="0"/><counter type="COMPLEXITY" missed="1" covered="0"/><counter type="METHOD" missed="1" covered="0"/></method><counter type="INSTRUCTION" missed="177" covered="0"/><counter type="LINE" missed="40" covered="0"/><counter type="COMPLEXITY" missed="12" covered="0"/><counter type="METHOD" missed="12" covered="0"/><counter type="CLASS" missed="1" covered="0"/></class><class name="com/tourtrek/adapters/CurrentPersonalToursAdapter$CurrentPersonalToursViewHolder"><method name="&lt;init&gt;" desc="(Landroid/view/View;)V" line="35"><counter type="INSTRUCTION" missed="0" covered="16"/><counter type="LINE" missed="0" covered="4"/><counter type="COMPLEXITY" missed="0" covered="1"/><counter type="METHOD" missed="0" covered="1"/></method><counter type="INSTRUCTION" missed="0" covered="16"/><counter type="LINE" missed="0" covered="4"/><counter type="COMPLEXITY" missed="0" covered="1"/><counter type="METHOD" missed="0" covered="1"/><counter type="CLASS" missed="0" covered="1"/></class><class name="com/tourtrek/adapters/FriendsOfFriendsAdapter"><method name="&lt;init&gt;" desc="(Landroid/content/Context;)V" line="51"><counter type="INSTRUCTION" missed="11" covered="0"/><counter type="LINE" missed="4" covered="0"/><counter type="COMPLEXITY" missed="1" covered="0"/><counter type="METHOD" missed="1" covered="0"/></method><method name="onCreateViewHolder" desc="(Landroid/view/ViewGroup;I)Lcom/tourtrek/adapters/FriendsOfFriendsAdapter$FriendsOfFriendsViewHolder;" line="59"><counter type="INSTRUCTION" missed="13" covered="0"/><counter type="LINE" missed="2" covered="0"/><counter type="COMPLEXITY" missed="1" covered="0"/><counter type="METHOD" missed="1" covered="0"/></method><method name="onBindViewHolder" desc="(Lcom/tourtrek/adapters/FriendsOfFriendsAdapter$FriendsOfFriendsViewHolder;I)V" line="65"><counter type="INSTRUCTION" missed="68" covered="0"/><counter type="LINE" missed="13" covered="0"/><counter type="COMPLEXITY" missed="1" covered="0"/><counter type="METHOD" missed="1" covered="0"/></method><method name="onAttachedToRecyclerView" desc="(Landroidx/recyclerview/widget/RecyclerView;)V" line="86"><counter type="INSTRUCTION" missed="4" covered="0"/><counter type="LINE" missed="2" covered="0"/><counter type="COMPLEXITY" missed="1" covered="0"/><counter type="METHOD" missed="1" covered="0"/></method><method name="getItemCount" desc="()I" line="92"><counter type="INSTRUCTION" missed="4" covered="0"/><counter type="LINE" missed="1" covered="0"/><counter type="COMPLEXITY" missed="1" covered="0"/><counter type="METHOD" missed="1" covered="0"/></method><method name="addNewData" desc="(Lcom/tourtrek/data/User;)V" line="101"><counter type="INSTRUCTION" missed="8" covered="0"/><counter type="LINE" missed="3" covered="0"/><counter type="COMPLEXITY" missed="1" covered="0"/><counter type="METHOD" missed="1" covered="0"/></method><method name="addAll" desc="(Ljava/util/List;)V" line="111"><counter type="INSTRUCTION" missed="8" covered="0"/><counter type="LINE" missed="3" covered="0"/><counter type="COMPLEXITY" missed="1" covered="0"/><counter type="METHOD" missed="1" covered="0"/></method><method name="add" desc="(Lcom/tourtrek/data/User;)V" line="121"><counter type="INSTRUCTION" missed="8" covered="0"/><counter type="LINE" missed="3" covered="0"/><counter type="COMPLEXITY" missed="1" covered="0"/><counter type="METHOD" missed="1" covered="0"/></method><method name="getData" desc="(I)Lcom/tourtrek/data/User;" line="133"><counter type="INSTRUCTION" missed="6" covered="0"/><counter type="LINE" missed="1" covered="0"/><counter type="COMPLEXITY" missed="1" covered="0"/><counter type="METHOD" missed="1" covered="0"/></method><method name="clear" desc="()V" line="140"><counter type="INSTRUCTION" missed="6" covered="0"/><counter type="LINE" missed="3" covered="0"/><counter type="COMPLEXITY" missed="1" covered="0"/><counter type="METHOD" missed="1" covered="0"/></method><method name="stopLoading" desc="()V" line="148"><counter type="INSTRUCTION" missed="21" covered="0"/><counter type="BRANCH" missed="2" covered="0"/><counter type="LINE" missed="4" covered="0"/><counter type="COMPLEXITY" missed="2" covered="0"/><counter type="METHOD" missed="1" covered="0"/></method><counter type="INSTRUCTION" missed="157" covered="0"/><counter type="BRANCH" missed="2" covered="0"/><counter type="LINE" missed="39" covered="0"/><counter type="COMPLEXITY" missed="12" covered="0"/><counter type="METHOD" missed="11" covered="0"/><counter type="CLASS" missed="1" covered="0"/></class><class name="com/tourtrek/adapters/ToursOfFriendsAdapter$1"><method name="&lt;init&gt;" desc="(Lcom/tourtrek/adapters/ToursOfFriendsAdapter;Lcom/tourtrek/adapters/ToursOfFriendsAdapter$ToursOfFriendsViewHolder;)V" line="78"><counter type="INSTRUCTION" missed="9" covered="0"/><counter type="LINE" missed="1" covered="0"/><counter type="COMPLEXITY" missed="1" covered="0"/><counter type="METHOD" missed="1" covered="0"/></method><method name="onLoadFailed" desc="(Lcom/bumptech/glide/load/engine/GlideException;Ljava/lang/Object;Lcom/bumptech/glide/request/target/Target;Z)Z" line="81"><counter type="INSTRUCTION" missed="10" covered="0"/><counter type="LINE" missed="3" covered="0"/><counter type="COMPLEXITY" missed="1" covered="0"/><counter type="METHOD" missed="1" covered="0"/></method><method name="onResourceReady" desc="(Landroid/graphics/drawable/Drawable;Ljava/lang/Object;Lcom/bumptech/glide/request/target/Target;Lcom/bumptech/glide/load/DataSource;Z)Z" line="88"><counter type="INSTRUCTION" missed="26" covered="0"/><counter type="BRANCH" missed="2" covered="0"/><counter type="LINE" missed="5" covered="0"/><counter type="COMPLEXITY" missed="2" covered="0"/><counter type="METHOD" missed="1" covered="0"/></method><counter type="INSTRUCTION" missed="45" covered="0"/><counter type="BRANCH" missed="2" covered="0"/><counter type="LINE" missed="9" covered="0"/><counter type="COMPLEXITY" missed="4" covered="0"/><counter type="METHOD" missed="3" covered="0"/><counter type="CLASS" missed="1" covered="0"/></class><class name="com/tourtrek/adapters/CurrentTourAttractionsAdapter$CurrentAttractionsViewHolder"><method name="&lt;init&gt;" desc="(Landroid/view/View;)V" line="43"><counter type="INSTRUCTION" missed="0" covered="22"/><counter type="LINE" missed="0" covered="5"/><counter type="COMPLEXITY" missed="0" covered="1"/><counter type="METHOD" missed="0" covered="1"/></method><counter type="INSTRUCTION" missed="0" covered="22"/><counter type="LINE" missed="0" covered="5"/><counter type="COMPLEXITY" missed="0" covered="1"/><counter type="METHOD" missed="0" covered="1"/><counter type="CLASS" missed="0" covered="1"/></class><class name="com/tourtrek/adapters/FuturePersonalToursAdapter"><method name="&lt;init&gt;" desc="(Landroid/content/Context;)V" line="40"><counter type="INSTRUCTION" missed="0" covered="11"/><counter type="LINE" missed="0" covered="4"/><counter type="COMPLEXITY" missed="0" covered="1"/><counter type="METHOD" missed="0" covered="1"/></method><method name="onCreateViewHolder" desc="(Landroid/view/ViewGroup;I)Lcom/tourtrek/adapters/FuturePersonalToursAdapter$FuturePersonalToursViewHolder;" line="48"><counter type="INSTRUCTION" missed="0" covered="13"/><counter type="LINE" missed="0" covered="2"/><counter type="COMPLEXITY" missed="0" covered="1"/><counter type="METHOD" missed="0" covered="1"/></method><method name="onBindViewHolder" desc="(Lcom/tourtrek/adapters/FuturePersonalToursAdapter$FuturePersonalToursViewHolder;I)V" line="56"><counter type="INSTRUCTION" missed="0" covered="62"/><counter type="LINE" missed="0" covered="10"/><counter type="COMPLEXITY" missed="0" covered="1"/><counter type="METHOD" missed="0" covered="1"/></method><method name="getItemCount" desc="()I" line="71"><counter type="INSTRUCTION" missed="0" covered="4"/><counter type="LINE" missed="0" covered="1"/><counter type="COMPLEXITY" missed="0" covered="1"/><counter type="METHOD" missed="0" covered="1"/></method><method name="addNewData" desc="(Lcom/tourtrek/data/Tour;)V" line="80"><counter type="INSTRUCTION" missed="1" covered="26"/><counter type="BRANCH" missed="1" covered="3"/><counter type="LINE" missed="1" covered="6"/><counter type="COMPLEXITY" missed="1" covered="2"/><counter type="METHOD" missed="0" covered="1"/></method><method name="addAll" desc="(Ljava/util/List;)V" line="94"><counter type="INSTRUCTION" missed="8" covered="0"/><counter type="LINE" missed="3" covered="0"/><counter type="COMPLEXITY" missed="1" covered="0"/><counter type="METHOD" missed="1" covered="0"/></method><method name="getTour" desc="(I)Lcom/tourtrek/data/Tour;" line="106"><counter type="INSTRUCTION" missed="0" covered="6"/><counter type="LINE" missed="0" covered="1"/><counter type="COMPLEXITY" missed="0" covered="1"/><counter type="METHOD" missed="0" covered="1"/></method><method name="clear" desc="()V" line="113"><counter type="INSTRUCTION" missed="6" covered="0"/><counter type="LINE" missed="3" covered="0"/><counter type="COMPLEXITY" missed="1" covered="0"/><counter type="METHOD" missed="1" covered="0"/></method><method name="stopLoading" desc="()V" line="121"><counter type="INSTRUCTION" missed="0" covered="21"/><counter type="BRANCH" missed="0" covered="2"/><counter type="LINE" missed="0" covered="4"/><counter type="COMPLEXITY" missed="0" covered="2"/><counter type="METHOD" missed="0" covered="1"/></method><counter type="INSTRUCTION" missed="15" covered="143"/><counter type="BRANCH" missed="1" covered="5"/><counter type="LINE" missed="7" covered="28"/><counter type="COMPLEXITY" missed="3" covered="9"/><counter type="METHOD" missed="2" covered="7"/><counter type="CLASS" missed="0" covered="1"/></class><class name="com/tourtrek/adapters/PastPersonalToursAdapter$PastPersonalToursViewHolder"><method name="&lt;init&gt;" desc="(Landroid/view/View;)V" line="34"><counter type="INSTRUCTION" missed="0" covered="16"/><counter type="LINE" missed="0" covered="4"/><counter type="COMPLEXITY" missed="0" covered="1"/><counter type="METHOD" missed="0" covered="1"/></method><counter type="INSTRUCTION" missed="0" covered="16"/><counter type="LINE" missed="0" covered="4"/><counter type="COMPLEXITY" missed="0" covered="1"/><counter type="METHOD" missed="0" covered="1"/><counter type="CLASS" missed="0" covered="1"/></class><sourcefile name="FriendsOfFriendsAdapter.java"><line nr="40" mi="3" ci="0" mb="0" cb="0"/><line nr="41" mi="6" ci="0" mb="0" cb="0"/><line nr="42" mi="6" ci="0" mb="0" cb="0"/><line nr="44" mi="1" ci="0" mb="0" cb="0"/><line nr="51" mi="2" ci="0" mb="0" cb="0"/><line nr="52" mi="5" ci="0" mb="0" cb="0"/><line nr="53" mi="3" ci="0" mb="0" cb="0"/><line nr="54" mi="1" ci="0" mb="0" cb="0"/><line nr="59" mi="8" ci="0" mb="0" cb="0"/><line nr="60" mi="5" ci="0" mb="0" cb="0"/><line nr="65" mi="7" ci="0" mb="0" cb="0"/><line nr="66" mi="7" ci="0" mb="0" cb="0"/><line nr="68" mi="9" ci="0" mb="0" cb="0"/><line nr="69" mi="5" ci="0" mb="0" cb="0"/><line nr="70" mi="4" ci="0" mb="0" cb="0"/><line nr="73" mi="7" ci="0" mb="0" cb="0"/><line nr="74" mi="5" ci="0" mb="0" cb="0"/><line nr="75" mi="3" ci="0" mb="0" cb="0"/><line nr="76" mi="4" ci="0" mb="0" cb="0"/><line nr="77" mi="2" ci="0" mb="0" cb="0"/><line nr="79" mi="7" ci="0" mb="0" cb="0"/><line nr="80" mi="7" ci="0" mb="0" cb="0"/><line nr="81" mi="1" ci="0" mb="0" cb="0"/><line nr="86" mi="3" ci="0" mb="0" cb="0"/><line nr="87" mi="1" ci="0" mb="0" cb="0"/><line nr="92" mi="4" ci="0" mb="0" cb="0"/><line nr="101" mi="5" ci="0" mb="0" cb="0"/><line nr="102" mi="2" ci="0" mb="0" cb="0"/><line nr="103" mi="1" ci="0" mb="0" cb="0"/><line nr="111" mi="5" ci="0" mb="0" cb="0"/><line nr="112" mi="2" ci="0" mb="0" cb="0"/><line nr="113" mi="1" ci="0" mb="0" cb="0"/><line nr="121" mi="5" ci="0" mb="0" cb="0"/><line nr="122" mi="2" ci="0" mb="0" cb="0"/><line nr="123" mi="1" ci="0" mb="0" cb="0"/><line nr="133" mi="6" ci="0" mb="0" cb="0"/><line nr="140" mi="3" ci="0" mb="0" cb="0"/><line nr="141" mi="2" ci="0" mb="0" cb="0"/><line nr="142" mi="1" ci="0" mb="0" cb="0"/><line nr="148" mi="6" ci="0" mb="2" cb="0"/><line nr="149" mi="7" ci="0" mb="0" cb="0"/><line nr="150" mi="7" ci="0" mb="0" cb="0"/><line nr="152" mi="1" ci="0" mb="0" cb="0"/><counter type="INSTRUCTION" missed="173" covered="0"/><counter type="BRANCH" missed="2" covered="0"/><counter type="LINE" missed="43" covered="0"/><counter type="COMPLEXITY" missed="13" covered="0"/><counter type="METHOD" missed="12" covered="0"/><counter type="CLASS" missed="2" covered="0"/></sourcefile><sourcefile name="FuturePersonalToursAdapter.java"><line nr="34" mi="0" ci="3" mb="0" cb="0"/><line nr="35" mi="0" ci="6" mb="0" cb="0"/><line nr="36" mi="0" ci="6" mb="0" cb="0"/><line nr="37" mi="0" ci="1" mb="0" cb="0"/><line nr="40" mi="0" ci="2" mb="0" cb="0"/><line nr="41" mi="0" ci="5" mb="0" cb="0"/><line nr="42" mi="0" ci="3" mb="0" cb="0"/><line nr="43" mi="0" ci="1" mb="0" cb="0"/><line nr="48" mi="0" ci="8" mb="0" cb="0"/><line nr="49" mi="0" ci="5" mb="0" cb="0"/><line nr="56" mi="0" ci="7" mb="0" cb="0"/><line nr="57" mi="0" ci="7" mb="0" cb="0"/><line nr="59" mi="0" ci="9" mb="0" cb="0"/><line nr="60" mi="0" ci="5" mb="0" cb="0"/><line nr="61" mi="0" ci="9" mb="0" cb="0"/><line nr="62" mi="0" ci="5" mb="0" cb="0"/><line nr="63" mi="0" ci="5" mb="0" cb="0"/><line nr="65" mi="0" ci="7" mb="0" cb="0"/><line nr="66" mi="0" ci="7" mb="0" cb="0"/><line nr="67" mi="0" ci="1" mb="0" cb="0"/><line nr="71" mi="0" ci="4" mb="0" cb="0"/><line nr="80" mi="0" ci="11" mb="0" cb="2"/><line nr="81" mi="0" ci="6" mb="1" cb="1"/><line nr="82" mi="1" ci="0" mb="0" cb="0"/><line nr="83" mi="0" ci="1" mb="0" cb="0"/><line nr="84" mi="0" ci="5" mb="0" cb="0"/><line nr="85" mi="0" ci="2" mb="0" cb="0"/><line nr="86" mi="0" ci="1" mb="0" cb="0"/><line nr="94" mi="5" ci="0" mb="0" cb="0"/><line nr="95" mi="2" ci="0" mb="0" cb="0"/><line nr="96" mi="1" ci="0" mb="0" cb="0"/><line nr="106" mi="0" ci="6" mb="0" cb="0"/><line nr="113" mi="3" ci="0" mb="0" cb="0"/><line nr="114" mi="2" ci="0" mb="0" cb="0"/><line nr="115" mi="1" ci="0" mb="0" cb="0"/><line nr="121" mi="0" ci="6" mb="0" cb="2"/><line nr="122" mi="0" ci="7" mb="0" cb="0"/><line nr="123" mi="0" ci="7" mb="0" cb="0"/><line nr="125" mi="0" ci="1" mb="0" cb="0"/><counter type="INSTRUCTION" missed="15" covered="159"/><counter type="BRANCH" missed="1" covered="5"/><counter type="LINE" missed="7" covered="32"/><counter type="COMPLEXITY" missed="3" covered="10"/><counter type="METHOD" missed="2" covered="8"/><counter type="CLASS" missed="0" covered="2"/></sourcefile><sourcefile name="ToursOfFriendsAdapter.java"><line nr="45" mi="3" ci="0" mb="0" cb="0"/><line nr="46" mi="6" ci="0" mb="0" cb="0"/><line nr="47" mi="6" ci="0" mb="0" cb="0"/><line nr="48" mi="6" ci="0" mb="0" cb="0"/><line nr="50" mi="1" ci="0" mb="0" cb="0"/><line nr="55" mi="2" ci="0" mb="0" cb="0"/><line nr="56" mi="5" ci="0" mb="0" cb="0"/><line nr="57" mi="3" ci="0" mb="0" cb="0"/><line nr="58" mi="1" ci="0" mb="0" cb="0"/><line nr="63" mi="8" ci="0" mb="0" cb="0"/><line nr="64" mi="5" ci="0" mb="0" cb="0"/><line nr="69" mi="7" ci="0" mb="0" cb="0"/><line nr="70" mi="7" ci="0" mb="0" cb="0"/><line nr="72" mi="9" ci="0" mb="0" cb="0"/><line nr="73" mi="9" ci="0" mb="0" cb="0"/><line nr="75" mi="6" ci="0" mb="0" cb="0"/><line nr="76" mi="5" ci="0" mb="0" cb="0"/><line nr="77" mi="7" ci="0" mb="0" cb="0"/><line nr="78" mi="12" ci="0" mb="0" cb="0"/><line nr="81" mi="4" ci="0" mb="0" cb="0"/><line nr="82" mi="4" ci="0" mb="0" cb="0"/><line nr="83" mi="2" ci="0" mb="0" cb="0"/><line nr="88" mi="8" ci="0" mb="0" cb="0"/><line nr="89" mi="8" ci="0" mb="0" cb="0"/><line nr="91" mi="3" ci="0" mb="2" cb="0"/><line nr="92" mi="5" ci="0" mb="0" cb="0"/><line nr="94" mi="2" ci="0" mb="0" cb="0"/><line nr="97" mi="2" ci="0" mb="0" cb="0"/><line nr="99" mi="7" ci="0" mb="0" cb="0"/><line nr="100" mi="7" ci="0" mb="0" cb="0"/><line nr="101" mi="1" ci="0" mb="0" cb="0"/><line nr="106" mi="3" ci="0" mb="0" cb="0"/><line nr="107" mi="1" ci="0" mb="0" cb="0"/><line nr="112" mi="4" ci="0" mb="0" cb="0"/><line nr="121" mi="5" ci="0" mb="0" cb="0"/><line nr="122" mi="2" ci="0" mb="0" cb="0"/><line nr="123" mi="1" ci="0" mb="0" cb="0"/><line nr="131" mi="5" ci="0" mb="0" cb="0"/><line nr="132" mi="2" ci="0" mb="0" cb="0"/><line nr="133" mi="1" ci="0" mb="0" cb="0"/><line nr="145" mi="6" ci="0" mb="0" cb="0"/><line nr="152" mi="3" ci="0" mb="0" cb="0"/><line nr="153" mi="2" ci="0" mb="0" cb="0"/><line nr="154" mi="1" ci="0" mb="0" cb="0"/><line nr="160" mi="6" ci="0" mb="2" cb="0"/><line nr="161" mi="7" ci="0" mb="0" cb="0"/><line nr="162" mi="7" ci="0" mb="0" cb="0"/><line nr="164" mi="1" ci="0" mb="0" cb="0"/><counter type="INSTRUCTION" missed="218" covered="0"/><counter type="BRANCH" missed="4" covered="0"/><counter type="LINE" missed="48" covered="0"/><counter type="COMPLEXITY" missed="16" covered="0"/><counter type="METHOD" missed="14" covered="0"/><counter type="CLASS" missed="3" covered="0"/></sourcefile><sourcefile name="FriendsAdapter.java"><line nr="35" mi="0" ci="3" mb="0" cb="0"/><line nr="36" mi="0" ci="6" mb="0" cb="0"/><line nr="37" mi="0" ci="6" mb="0" cb="0"/><line nr="39" mi="0" ci="1" mb="0" cb="0"/><line nr="46" mi="0" ci="2" mb="0" cb="0"/><line nr="47" mi="0" ci="5" mb="0" cb="0"/><line nr="48" mi="0" ci="3" mb="0" cb="0"/><line nr="49" mi="0" ci="1" mb="0" cb="0"/><line nr="54" mi="0" ci="8" mb="0" cb="0"/><line nr="55" mi="0" ci="5" mb="0" cb="0"/><line nr="62" mi="0" ci="7" mb="0" cb="0"/><line nr="63" mi="0" ci="7" mb="0" cb="0"/><line nr="65" mi="0" ci="9" mb="0" cb="0"/><line nr="66" mi="0" ci="5" mb="0" cb="0"/><line nr="67" mi="0" ci="4" mb="0" cb="0"/><line nr="70" mi="0" ci="7" mb="0" cb="0"/><line nr="71" mi="0" ci="5" mb="0" cb="0"/><line nr="72" mi="0" ci="3" mb="0" cb="0"/><line nr="73" mi="0" ci="4" mb="0" cb="0"/><line nr="74" mi="0" ci="2" mb="0" cb="0"/><line nr="76" mi="0" ci="7" mb="0" cb="0"/><line nr="77" mi="0" ci="7" mb="0" cb="0"/><line nr="78" mi="0" ci="1" mb="0" cb="0"/><line nr="82" mi="0" ci="3" mb="0" cb="0"/><line nr="83" mi="0" ci="1" mb="0" cb="0"/><line nr="88" mi="0" ci="4" mb="0" cb="0"/><line nr="97" mi="5" ci="0" mb="0" cb="0"/><line nr="98" mi="2" ci="0" mb="0" cb="0"/><line nr="99" mi="1" ci="0" mb="0" cb="0"/><line nr="107" mi="0" ci="5" mb="0" cb="0"/><line nr="108" mi="0" ci="2" mb="0" cb="0"/><line nr="109" mi="0" ci="1" mb="0" cb="0"/><line nr="117" mi="5" ci="0" mb="0" cb="0"/><line nr="118" mi="2" ci="0" mb="0" cb="0"/><line nr="119" mi="1" ci="0" mb="0" cb="0"/><line nr="129" mi="6" ci="0" mb="0" cb="0"/><line nr="136" mi="0" ci="3" mb="0" cb="0"/><line nr="137" mi="0" ci="2" mb="0" cb="0"/><line nr="138" mi="0" ci="1" mb="0" cb="0"/><line nr="144" mi="0" ci="6" mb="1" cb="1"/><line nr="145" mi="0" ci="7" mb="0" cb="0"/><line nr="146" mi="0" ci="7" mb="0" cb="0"/><line nr="148" mi="0" ci="1" mb="0" cb="0"/><counter type="INSTRUCTION" missed="22" covered="151"/><counter type="BRANCH" missed="1" covered="1"/><counter type="LINE" missed="7" covered="36"/><counter type="COMPLEXITY" missed="4" covered="9"/><counter type="METHOD" missed="3" covered="9"/><counter type="CLASS" missed="0" covered="2"/></sourcefile><sourcefile name="TourMarketAdapter.java"><line nr="48" mi="3" ci="0" mb="0" cb="0"/><line nr="49" mi="6" ci="0" mb="0" cb="0"/><line nr="50" mi="6" ci="0" mb="0" cb="0"/><line nr="51" mi="6" ci="0" mb="0" cb="0"/><line nr="52" mi="6" ci="0" mb="0" cb="0"/><line nr="53" mi="1" ci="0" mb="0" cb="0"/><line nr="57" mi="2" ci="0" mb="0" cb="0"/><line nr="58" mi="5" ci="0" mb="0" cb="0"/><line nr="59" mi="5" ci="0" mb="0" cb="0"/><line nr="60" mi="3" ci="0" mb="0" cb="0"/><line nr="61" mi="5" ci="0" mb="0" cb="0"/><line nr="62" mi="1" ci="0" mb="0" cb="0"/><line nr="67" mi="8" ci="0" mb="0" cb="0"/><line nr="68" mi="5" ci="0" mb="0" cb="0"/><line nr="75" mi="7" ci="0" mb="0" cb="0"/><line nr="76" mi="7" ci="0" mb="0" cb="0"/><line nr="78" mi="9" ci="0" mb="0" cb="0"/><line nr="79" mi="9" ci="0" mb="0" cb="0"/><line nr="80" mi="10" ci="0" mb="0" cb="0"/><line nr="82" mi="6" ci="0" mb="0" cb="0"/><line nr="83" mi="5" ci="0" mb="0" cb="0"/><line nr="84" mi="7" ci="0" mb="0" cb="0"/><line nr="85" mi="12" ci="0" mb="0" cb="0"/><line nr="88" mi="4" ci="0" mb="0" cb="0"/><line nr="89" mi="4" ci="0" mb="0" cb="0"/><line nr="90" mi="2" ci="0" mb="0" cb="0"/><line nr="95" mi="8" ci="0" mb="0" cb="0"/><line nr="96" mi="8" ci="0" mb="0" cb="0"/><line nr="98" mi="3" ci="0" mb="2" cb="0"/><line nr="99" mi="5" ci="0" mb="0" cb="0"/><line nr="101" mi="2" ci="0" mb="0" cb="0"/><line nr="104" mi="2" ci="0" mb="0" cb="0"/><line nr="106" mi="7" ci="0" mb="0" cb="0"/><line nr="107" mi="7" ci="0" mb="0" cb="0"/><line nr="109" mi="1" ci="0" mb="0" cb="0"/><line nr="113" mi="4" ci="0" mb="0" cb="0"/><line nr="122" mi="5" ci="0" mb="0" cb="0"/><line nr="123" mi="2" ci="0" mb="0" cb="0"/><line nr="124" mi="1" ci="0" mb="0" cb="0"/><line nr="132" mi="5" ci="0" mb="0" cb="0"/><line nr="133" mi="2" ci="0" mb="0" cb="0"/><line nr="134" mi="1" ci="0" mb="0" cb="0"/><line nr="144" mi="6" ci="0" mb="0" cb="0"/><line nr="153" mi="3" ci="0" mb="0" cb="0"/><line nr="160" mi="3" ci="0" mb="0" cb="0"/><line nr="161" mi="5" ci="0" mb="0" cb="0"/><line nr="162" mi="2" ci="0" mb="0" cb="0"/><line nr="163" mi="1" ci="0" mb="0" cb="0"/><line nr="171" mi="6" ci="0" mb="0" cb="0"/><line nr="172" mi="6" ci="0" mb="0" cb="0"/><line nr="173" mi="1" ci="0" mb="0" cb="0"/><line nr="176" mi="3" ci="0" mb="0" cb="0"/><line nr="180" mi="6" ci="0" mb="0" cb="0"/><line nr="181" mi="1" ci="0" mb="0" cb="0"/><counter type="INSTRUCTION" missed="250" covered="0"/><counter type="BRANCH" missed="2" covered="0"/><counter type="LINE" missed="54" covered="0"/><counter type="COMPLEXITY" missed="17" covered="0"/><counter type="METHOD" missed="16" covered="0"/><counter type="CLASS" missed="3" covered="0"/></sourcefile><sourcefile name="CurrentTourAttractionsAdapter.java"><line nr="43" mi="0" ci="3" mb="0" cb="0"/><line nr="44" mi="0" ci="6" mb="0" cb="0"/><line nr="45" mi="0" ci="6" mb="0" cb="0"/><line nr="46" mi="0" ci="6" mb="0" cb="0"/><line nr="47" mi="0" ci="1" mb="0" cb="0"/><line nr="51" mi="0" ci="2" mb="0" cb="0"/><line nr="52" mi="0" ci="5" mb="0" cb="0"/><line nr="53" mi="0" ci="3" mb="0" cb="0"/><line nr="54" mi="0" ci="5" mb="0" cb="0"/><line nr="55" mi="0" ci="5" mb="0" cb="0"/><line nr="56" mi="0" ci="1" mb="0" cb="0"/><line nr="61" mi="0" ci="8" mb="0" cb="0"/><line nr="62" mi="0" ci="5" mb="0" cb="0"/><line nr="69" mi="0" ci="7" mb="0" cb="0"/><line nr="70" mi="0" ci="7" mb="0" cb="0"/><line nr="72" mi="0" ci="9" mb="0" cb="0"/><line nr="73" mi="0" ci="5" mb="0" cb="0"/><line nr="74" mi="0" ci="4" mb="0" cb="0"/><line nr="75" mi="0" ci="9" mb="0" cb="0"/><line nr="76" mi="0" ci="5" mb="0" cb="0"/><line nr="77" mi="0" ci="4" mb="0" cb="0"/><line nr="78" mi="0" ci="10" mb="0" cb="0"/><line nr="81" mi="0" ci="6" mb="0" cb="0"/><line nr="83" mi="0" ci="6" mb="2" cb="2"/><line nr="86" mi="0" ci="2" mb="0" cb="0"/><line nr="87" mi="0" ci="4" mb="0" cb="0"/><line nr="90" mi="0" ci="3" mb="0" cb="0"/><line nr="91" mi="0" ci="5" mb="0" cb="0"/><line nr="92" mi="0" ci="4" mb="0" cb="0"/><line nr="93" mi="0" ci="5" mb="0" cb="0"/><line nr="94" mi="0" ci="5" mb="0" cb="0"/><line nr="95" mi="1" ci="0" mb="0" cb="0"/><line nr="96" mi="2" ci="0" mb="0" cb="0"/><line nr="97" mi="0" ci="1" mb="0" cb="0"/><line nr="99" mi="0" ci="6" mb="0" cb="0"/><line nr="100" mi="0" ci="4" mb="0" cb="0"/><line nr="103" mi="0" ci="3" mb="0" cb="0"/><line nr="104" mi="0" ci="5" mb="0" cb="0"/><line nr="105" mi="0" ci="4" mb="0" cb="0"/><line nr="106" mi="0" ci="5" mb="0" cb="0"/><line nr="107" mi="0" ci="5" mb="0" cb="0"/><line nr="108" mi="1" ci="0" mb="0" cb="0"/><line nr="109" mi="2" ci="0" mb="0" cb="0"/><line nr="110" mi="0" ci="1" mb="0" cb="0"/><line nr="112" mi="0" ci="6" mb="0" cb="0"/><line nr="113" mi="0" ci="2" mb="0" cb="0"/><line nr="116" mi="4" ci="4" mb="3" cb="1"/><line nr="117" mi="5" ci="0" mb="0" cb="0"/><line nr="118" mi="5" ci="0" mb="0" cb="0"/><line nr="119" mi="5" ci="0" mb="0" cb="0"/><line nr="123" mi="0" ci="7" mb="0" cb="0"/><line nr="124" mi="0" ci="7" mb="0" cb="0"/><line nr="125" mi="0" ci="1" mb="0" cb="0"/><line nr="129" mi="0" ci="3" mb="0" cb="0"/><line nr="130" mi="0" ci="1" mb="0" cb="0"/><line nr="134" mi="0" ci="4" mb="0" cb="0"/><line nr="143" mi="0" ci="5" mb="0" cb="0"/><line nr="144" mi="0" ci="2" mb="0" cb="0"/><line nr="145" mi="0" ci="1" mb="0" cb="0"/><line nr="153" mi="5" ci="0" mb="0" cb="0"/><line nr="154" mi="2" ci="0" mb="0" cb="0"/><line nr="155" mi="1" ci="0" mb="0" cb="0"/><line nr="165" mi="0" ci="6" mb="0" cb="0"/><line nr="172" mi="0" ci="3" mb="0" cb="0"/><line nr="173" mi="0" ci="5" mb="0" cb="0"/><line nr="174" mi="0" ci="2" mb="0" cb="0"/><line nr="175" mi="0" ci="1" mb="0" cb="0"/><line nr="178" mi="3" ci="0" mb="0" cb="0"/><line nr="182" mi="0" ci="3" mb="0" cb="0"/><line nr="186" mi="0" ci="6" mb="0" cb="0"/><line nr="187" mi="0" ci="6" mb="0" cb="0"/><line nr="188" mi="0" ci="1" mb="0" cb="0"/><line nr="191" mi="3" ci="0" mb="0" cb="0"/><line nr="195" mi="6" ci="0" mb="0" cb="0"/><line nr="196" mi="1" ci="0" mb="0" cb="0"/><line nr="202" mi="0" ci="6" mb="0" cb="2"/><line nr="203" mi="0" ci="7" mb="0" cb="0"/><line nr="204" mi="0" ci="7" mb="0" cb="0"/><line nr="206" mi="0" ci="1" mb="0" cb="0"/><counter type="INSTRUCTION" missed="46" covered="287"/><counter type="BRANCH" missed="5" covered="5"/><counter type="LINE" missed="14" covered="65"/><counter type="COMPLEXITY" missed="8" covered="13"/><counter type="METHOD" missed="4" covered="12"/><counter type="CLASS" missed="0" covered="2"/></sourcefile><sourcefile name="PastPersonalToursAdapter.java"><line nr="34" mi="0" ci="3" mb="0" cb="0"/><line nr="35" mi="0" ci="6" mb="0" cb="0"/><line nr="36" mi="0" ci="6" mb="0" cb="0"/><line nr="37" mi="0" ci="1" mb="0" cb="0"/><line nr="41" mi="0" ci="2" mb="0" cb="0"/><line nr="42" mi="0" ci="5" mb="0" cb="0"/><line nr="43" mi="0" ci="3" mb="0" cb="0"/><line nr="44" mi="0" ci="1" mb="0" cb="0"/><line nr="49" mi="0" ci="8" mb="0" cb="0"/><line nr="50" mi="0" ci="5" mb="0" cb="0"/><line nr="57" mi="0" ci="7" mb="0" cb="0"/><line nr="58" mi="0" ci="7" mb="0" cb="0"/><line nr="60" mi="0" ci="9" mb="0" cb="0"/><line nr="61" mi="0" ci="5" mb="0" cb="0"/><line nr="62" mi="0" ci="9" mb="0" cb="0"/><line nr="63" mi="0" ci="5" mb="0" cb="0"/><line nr="64" mi="0" ci="5" mb="0" cb="0"/><line nr="66" mi="0" ci="7" mb="0" cb="0"/><line nr="67" mi="0" ci="7" mb="0" cb="0"/><line nr="68" mi="0" ci="1" mb="0" cb="0"/><line nr="72" mi="0" ci="4" mb="0" cb="0"/><line nr="81" mi="4" ci="7" mb="1" cb="1"/><line nr="82" mi="6" ci="0" mb="2" cb="0"/><line nr="83" mi="1" ci="0" mb="0" cb="0"/><line nr="84" mi="1" ci="0" mb="0" cb="0"/><line nr="85" mi="0" ci="5" mb="0" cb="0"/><line nr="86" mi="0" ci="2" mb="0" cb="0"/><line nr="87" mi="0" ci="1" mb="0" cb="0"/><line nr="95" mi="5" ci="0" mb="0" cb="0"/><line nr="96" mi="2" ci="0" mb="0" cb="0"/><line nr="97" mi="1" ci="0" mb="0" cb="0"/><line nr="107" mi="0" ci="6" mb="0" cb="0"/><line nr="114" mi="3" ci="0" mb="0" cb="0"/><line nr="115" mi="2" ci="0" mb="0" cb="0"/><line nr="116" mi="1" ci="0" mb="0" cb="0"/><line nr="122" mi="0" ci="6" mb="0" cb="2"/><line nr="123" mi="0" ci="7" mb="0" cb="0"/><line nr="124" mi="0" ci="7" mb="0" cb="0"/><line nr="126" mi="0" ci="1" mb="0" cb="0"/><counter type="INSTRUCTION" missed="26" covered="148"/><counter type="BRANCH" missed="3" covered="3"/><counter type="LINE" missed="9" covered="30"/><counter type="COMPLEXITY" missed="4" covered="9"/><counter type="METHOD" missed="2" covered="8"/><counter type="CLASS" missed="0" covered="2"/></sourcefile><sourcefile name="CurrentPersonalToursAdapter.java"><line nr="35" mi="0" ci="3" mb="0" cb="0"/><line nr="36" mi="0" ci="6" mb="0" cb="0"/><line nr="37" mi="0" ci="6" mb="0" cb="0"/><line nr="38" mi="0" ci="1" mb="0" cb="0"/><line nr="42" mi="0" ci="2" mb="0" cb="0"/><line nr="43" mi="0" ci="5" mb="0" cb="0"/><line nr="44" mi="0" ci="3" mb="0" cb="0"/><line nr="45" mi="0" ci="1" mb="0" cb="0"/><line nr="50" mi="0" ci="8" mb="0" cb="0"/><line nr="51" mi="0" ci="5" mb="0" cb="0"/><line nr="58" mi="0" ci="7" mb="0" cb="0"/><line nr="59" mi="0" ci="7" mb="0" cb="0"/><line nr="61" mi="0" ci="9" mb="0" cb="0"/><line nr="62" mi="0" ci="5" mb="0" cb="0"/><line nr="63" mi="0" ci="9" mb="0" cb="0"/><line nr="64" mi="0" ci="5" mb="0" cb="0"/><line nr="65" mi="0" ci="5" mb="0" cb="0"/><line nr="67" mi="0" ci="7" mb="0" cb="0"/><line nr="68" mi="0" ci="7" mb="0" cb="0"/><line nr="70" mi="0" ci="1" mb="0" cb="0"/><line nr="74" mi="0" ci="3" mb="0" cb="0"/><line nr="75" mi="0" ci="1" mb="0" cb="0"/><line nr="79" mi="0" ci="4" mb="0" cb="0"/><line nr="88" mi="4" ci="7" mb="1" cb="1"/><line nr="89" mi="6" ci="0" mb="2" cb="0"/><line nr="90" mi="1" ci="0" mb="0" cb="0"/><line nr="91" mi="1" ci="0" mb="0" cb="0"/><line nr="92" mi="0" ci="5" mb="0" cb="0"/><line nr="93" mi="0" ci="2" mb="0" cb="0"/><line nr="94" mi="0" ci="1" mb="0" cb="0"/><line nr="102" mi="5" ci="0" mb="0" cb="0"/><line nr="103" mi="2" ci="0" mb="0" cb="0"/><line nr="104" mi="1" ci="0" mb="0" cb="0"/><line nr="114" mi="0" ci="6" mb="0" cb="0"/><line nr="121" mi="3" ci="0" mb="0" cb="0"/><line nr="122" mi="2" ci="0" mb="0" cb="0"/><line nr="123" mi="1" ci="0" mb="0" cb="0"/><line nr="129" mi="0" ci="6" mb="0" cb="2"/><line nr="130" mi="0" ci="7" mb="0" cb="0"/><line nr="131" mi="0" ci="7" mb="0" cb="0"/><line nr="133" mi="0" ci="1" mb="0" cb="0"/><counter type="INSTRUCTION" missed="26" covered="152"/><counter type="BRANCH" missed="3" covered="3"/><counter type="LINE" missed="9" covered="32"/><counter type="COMPLEXITY" missed="4" covered="10"/><counter type="METHOD" missed="2" covered="9"/><counter type="CLASS" missed="0" covered="2"/></sourcefile><counter type="INSTRUCTION" missed="776" covered="897"/><counter type="BRANCH" missed="21" covered="17"/><counter type="LINE" missed="191" covered="195"/><counter type="COMPLEXITY" missed="69" covered="51"/><counter type="METHOD" missed="55" covered="46"/><counter type="CLASS" missed="8" covered="10"/></package><package name="com/tourtrek/viewModels"><class name="com/tourtrek/viewModels/AttractionViewModel"><method name="&lt;init&gt;" desc="()V" line="8"><counter type="INSTRUCTION" missed="0" covered="23"/><counter type="LINE" missed="0" covered="5"/><counter type="COMPLEXITY" missed="0" covered="1"/><counter type="METHOD" missed="0" covered="1"/></method><method name="getSelectedAttraction" desc="()Lcom/tourtrek/data/Attraction;" line="16"><counter type="INSTRUCTION" missed="0" covered="5"/><counter type="LINE" missed="0" covered="1"/><counter type="COMPLEXITY" missed="0" covered="1"/><counter type="METHOD" missed="0" covered="1"/></method><method name="setSelectedAttraction" desc="(Lcom/tourtrek/data/Attraction;)V" line="20"><counter type="INSTRUCTION" missed="0" covered="5"/><counter type="LINE" missed="0" covered="2"/><counter type="COMPLEXITY" missed="0" covered="1"/><counter type="METHOD" missed="0" covered="1"/></method><method name="isNewAttraction" desc="()Ljava/lang/Boolean;" line="24"><counter type="INSTRUCTION" missed="0" covered="14"/><counter type="BRANCH" missed="0" covered="2"/><counter type="LINE" missed="0" covered="3"/><counter type="COMPLEXITY" missed="0" covered="2"/><counter type="METHOD" missed="0" covered="1"/></method><method name="setIsNewAttraction" desc="(Ljava/lang/Boolean;)V" line="31"><counter type="INSTRUCTION" missed="0" covered="5"/><counter type="LINE" missed="0" covered="2"/><counter type="COMPLEXITY" missed="0" covered="1"/><counter type="METHOD" missed="0" covered="1"/></method><method name="returnedFromSearch" desc="()Z" line="35"><counter type="INSTRUCTION" missed="0" covered="15"/><counter type="BRANCH" missed="0" covered="2"/><counter type="LINE" missed="0" covered="3"/><counter type="COMPLEXITY" missed="0" covered="2"/><counter type="METHOD" missed="0" covered="1"/></method><method name="setReturnedFromSearch" desc="(Z)V" line="42"><counter type="INSTRUCTION" missed="0" covered="6"/><counter type="LINE" missed="0" covered="2"/><counter type="COMPLEXITY" missed="0" covered="1"/><counter type="METHOD" missed="0" covered="1"/></method><method name="returnedFromNavigation" desc="()Z" line="46"><counter type="INSTRUCTION" missed="0" covered="15"/><counter type="BRANCH" missed="0" covered="2"/><counter type="LINE" missed="0" covered="3"/><counter type="COMPLEXITY" missed="0" covered="2"/><counter type="METHOD" missed="0" covered="1"/></method><method name="setReturnedFromNavigation" desc="(Z)V" line="53"><counter type="INSTRUCTION" missed="0" covered="6"/><counter type="LINE" missed="0" covered="2"/><counter type="COMPLEXITY" missed="0" covered="1"/><counter type="METHOD" missed="0" covered="1"/></method><counter type="INSTRUCTION" missed="0" covered="94"/><counter type="BRANCH" missed="0" covered="6"/><counter type="LINE" missed="0" covered="23"/><counter type="COMPLEXITY" missed="0" covered="12"/><counter type="METHOD" missed="0" covered="9"/><counter type="CLASS" missed="0" covered="1"/></class><class name="com/tourtrek/viewModels/TourViewModel"><method name="&lt;init&gt;" desc="()V" line="8"><counter type="INSTRUCTION" missed="0" covered="28"/><counter type="LINE" missed="0" covered="6"/><counter type="COMPLEXITY" missed="0" covered="1"/><counter type="METHOD" missed="0" covered="1"/></method><method name="getSelectedTour" desc="()Lcom/tourtrek/data/Tour;" line="17"><counter type="INSTRUCTION" missed="0" covered="5"/><counter type="LINE" missed="0" covered="1"/><counter type="COMPLEXITY" missed="0" covered="1"/><counter type="METHOD" missed="0" covered="1"/></method><method name="setSelectedTour" desc="(Lcom/tourtrek/data/Tour;)V" line="21"><counter type="INSTRUCTION" missed="0" covered="5"/><counter type="LINE" missed="0" covered="2"/><counter type="COMPLEXITY" missed="0" covered="1"/><counter type="METHOD" missed="0" covered="1"/></method><method name="isNewTour" desc="()Ljava/lang/Boolean;" line="25"><counter type="INSTRUCTION" missed="0" covered="14"/><counter type="BRANCH" missed="0" covered="2"/><counter type="LINE" missed="0" covered="3"/><counter type="COMPLEXITY" missed="0" covered="2"/><counter type="METHOD" missed="0" covered="1"/></method><method name="setIsNewTour" desc="(Ljava/lang/Boolean;)V" line="32"><counter type="INSTRUCTION" missed="0" covered="5"/><counter type="LINE" missed="0" covered="2"/><counter type="COMPLEXITY" missed="0" covered="1"/><counter type="METHOD" missed="0" covered="1"/></method><method name="isUserOwned" desc="()Ljava/lang/Boolean;" line="35"><counter type="INSTRUCTION" missed="0" covered="5"/><counter type="LINE" missed="0" covered="1"/><counter type="COMPLEXITY" missed="0" covered="1"/><counter type="METHOD" missed="0" covered="1"/></method><method name="setIsUserOwned" desc="(Ljava/lang/Boolean;)V" line="37"><counter type="INSTRUCTION" missed="0" covered="5"/><counter type="LINE" missed="0" covered="1"/><counter type="COMPLEXITY" missed="0" covered="1"/><counter type="METHOD" missed="0" covered="1"/></method><method name="setReturnedFromAddAttraction" desc="(Ljava/lang/Boolean;)V" line="40"><counter type="INSTRUCTION" missed="0" covered="5"/><counter type="LINE" missed="0" covered="2"/><counter type="COMPLEXITY" missed="0" covered="1"/><counter type="METHOD" missed="0" covered="1"/></method><method name="returnedFromAddAttraction" desc="()Ljava/lang/Boolean;" line="49"><counter type="INSTRUCTION" missed="0" covered="14"/><counter type="BRANCH" missed="0" covered="2"/><counter type="LINE" missed="0" covered="3"/><counter type="COMPLEXITY" missed="0" covered="2"/><counter type="METHOD" missed="0" covered="1"/></method><method name="returnedFromNavigation" desc="()Z" line="56"><counter type="INSTRUCTION" missed="0" covered="15"/><counter type="BRANCH" missed="0" covered="2"/><counter type="LINE" missed="0" covered="3"/><counter type="COMPLEXITY" missed="0" covered="2"/><counter type="METHOD" missed="0" covered="1"/></method><method name="setReturnedFromNavigation" desc="(Z)V" line="63"><counter type="INSTRUCTION" missed="0" covered="6"/><counter type="LINE" missed="0" covered="2"/><counter type="COMPLEXITY" missed="0" covered="1"/><counter type="METHOD" missed="0" covered="1"/></method><counter type="INSTRUCTION" missed="0" covered="107"/><counter type="BRANCH" missed="0" covered="6"/><counter type="LINE" missed="0" covered="26"/><counter type="COMPLEXITY" missed="0" covered="14"/><counter type="METHOD" missed="0" covered="11"/><counter type="CLASS" missed="0" covered="1"/></class><class name="com/tourtrek/viewModels/FriendViewModel"><method name="&lt;init&gt;" desc="()V" line="8"><counter type="INSTRUCTION" missed="0" covered="8"/><counter type="LINE" missed="0" covered="2"/><counter type="COMPLEXITY" missed="0" covered="1"/><counter type="METHOD" missed="0" covered="1"/></method><method name="getSelectedFriend" desc="()Lcom/tourtrek/data/User;" line="13"><counter type="INSTRUCTION" missed="5" covered="0"/><counter type="LINE" missed="1" covered="0"/><counter type="COMPLEXITY" missed="1" covered="0"/><counter type="METHOD" missed="1" covered="0"/></method><method name="setSelectedFriend" desc="(Lcom/tourtrek/data/User;)V" line="17"><counter type="INSTRUCTION" missed="5" covered="0"/><counter type="LINE" missed="2" covered="0"/><counter type="COMPLEXITY" missed="1" covered="0"/><counter type="METHOD" missed="1" covered="0"/></method><counter type="INSTRUCTION" missed="10" covered="8"/><counter type="LINE" missed="3" covered="2"/><counter type="COMPLEXITY" missed="2" covered="1"/><counter type="METHOD" missed="2" covered="1"/><counter type="CLASS" missed="0" covered="1"/></class><sourcefile name="FriendViewModel.java"><line nr="8" mi="0" ci="2" mb="0" cb="0"/><line nr="10" mi="0" ci="6" mb="0" cb="0"/><line nr="13" mi="5" ci="0" mb="0" cb="0"/><line nr="17" mi="4" ci="0" mb="0" cb="0"/><line nr="18" mi="1" ci="0" mb="0" cb="0"/><counter type="INSTRUCTION" missed="10" covered="8"/><counter type="LINE" missed="3" covered="2"/><counter type="COMPLEXITY" missed="2" covered="1"/><counter type="METHOD" missed="2" covered="1"/><counter type="CLASS" missed="0" covered="1"/></sourcefile><sourcefile name="TourViewModel.java"><line nr="8" mi="0" ci="2" mb="0" cb="0"/><line nr="10" mi="0" ci="5" mb="0" cb="0"/><line nr="11" mi="0" ci="5" mb="0" cb="0"/><line nr="12" mi="0" ci="5" mb="0" cb="0"/><line nr="13" mi="0" ci="5" mb="0" cb="0"/><line nr="14" mi="0" ci="6" mb="0" cb="0"/><line nr="17" mi="0" ci="5" mb="0" cb="0"/><line nr="21" mi="0" ci="4" mb="0" cb="0"/><line nr="22" mi="0" ci="1" mb="0" cb="0"/><line nr="25" mi="0" ci="4" mb="0" cb="2"/><line nr="26" mi="0" ci="5" mb="0" cb="0"/><line nr="28" mi="0" ci="5" mb="0" cb="0"/><line nr="32" mi="0" ci="4" mb="0" cb="0"/><line nr="33" mi="0" ci="1" mb="0" cb="0"/><line nr="35" mi="0" ci="5" mb="0" cb="0"/><line nr="37" mi="0" ci="5" mb="0" cb="0"/><line nr="40" mi="0" ci="4" mb="0" cb="0"/><line nr="41" mi="0" ci="1" mb="0" cb="0"/><line nr="49" mi="0" ci="4" mb="0" cb="2"/><line nr="50" mi="0" ci="5" mb="0" cb="0"/><line nr="52" mi="0" ci="5" mb="0" cb="0"/><line nr="56" mi="0" ci="4" mb="0" cb="2"/><line nr="57" mi="0" ci="5" mb="0" cb="0"/><line nr="59" mi="0" ci="6" mb="0" cb="0"/><line nr="63" mi="0" ci="5" mb="0" cb="0"/><line nr="64" mi="0" ci="1" mb="0" cb="0"/><counter type="INSTRUCTION" missed="0" covered="107"/><counter type="BRANCH" missed="0" covered="6"/><counter type="LINE" missed="0" covered="26"/><counter type="COMPLEXITY" missed="0" covered="14"/><counter type="METHOD" missed="0" covered="11"/><counter type="CLASS" missed="0" covered="1"/></sourcefile><sourcefile name="AttractionViewModel.java"><line nr="8" mi="0" ci="2" mb="0" cb="0"/><line nr="10" mi="0" ci="5" mb="0" cb="0"/><line nr="11" mi="0" ci="5" mb="0" cb="0"/><line nr="12" mi="0" ci="5" mb="0" cb="0"/><line nr="13" mi="0" ci="6" mb="0" cb="0"/><line nr="16" mi="0" ci="5" mb="0" cb="0"/><line nr="20" mi="0" ci="4" mb="0" cb="0"/><line nr="21" mi="0" ci="1" mb="0" cb="0"/><line nr="24" mi="0" ci="4" mb="0" cb="2"/><line nr="25" mi="0" ci="5" mb="0" cb="0"/><line nr="27" mi="0" ci="5" mb="0" cb="0"/><line nr="31" mi="0" ci="4" mb="0" cb="0"/><line nr="32" mi="0" ci="1" mb="0" cb="0"/><line nr="35" mi="0" ci="4" mb="0" cb="2"/><line nr="36" mi="0" ci="5" mb="0" cb="0"/><line nr="38" mi="0" ci="6" mb="0" cb="0"/><line nr="42" mi="0" ci="5" mb="0" cb="0"/><line nr="43" mi="0" ci="1" mb="0" cb="0"/><line nr="46" mi="0" ci="4" mb="0" cb="2"/><line nr="47" mi="0" ci="5" mb="0" cb="0"/><line nr="49" mi="0" ci="6" mb="0" cb="0"/><line nr="53" mi="0" ci="5" mb="0" cb="0"/><line nr="54" mi="0" ci="1" mb="0" cb="0"/><counter type="INSTRUCTION" missed="0" covered="94"/><counter type="BRANCH" missed="0" covered="6"/><counter type="LINE" missed="0" covered="23"/><counter type="COMPLEXITY" missed="0" covered="12"/><counter type="METHOD" missed="0" covered="9"/><counter type="CLASS" missed="0" covered="1"/></sourcefile><counter type="INSTRUCTION" missed="10" covered="209"/><counter type="BRANCH" missed="0" covered="12"/><counter type="LINE" missed="3" covered="51"/><counter type="COMPLEXITY" missed="2" covered="27"/><counter type="METHOD" missed="2" covered="21"/><counter type="CLASS" missed="0" covered="3"/></package><package name="com/tourtrek/notifications"><class name="com/tourtrek/notifications/FirebaseMessaging"><method name="&lt;init&gt;" desc="()V" line="8"><counter type="INSTRUCTION" missed="3" covered="0"/><counter type="LINE" missed="1" covered="0"/><counter type="COMPLEXITY" missed="1" covered="0"/><counter type="METHOD" missed="1" covered="0"/></method><method name="onNewToken" desc="(Ljava/lang/String;)V" line="14"><counter type="INSTRUCTION" missed="4" covered="0"/><counter type="LINE" missed="2" covered="0"/><counter type="COMPLEXITY" missed="1" covered="0"/><counter type="METHOD" missed="1" covered="0"/></method><method name="onMessageReceived" desc="(Lcom/google/firebase/messaging/RemoteMessage;)V" line="19"><counter type="INSTRUCTION" missed="4" covered="0"/><counter type="LINE" missed="2" covered="0"/><counter type="COMPLEXITY" missed="1" covered="0"/><counter type="METHOD" missed="1" covered="0"/></method><method name="onMessageSent" desc="(Ljava/lang/String;)V" line="24"><counter type="INSTRUCTION" missed="4" covered="0"/><counter type="LINE" missed="2" covered="0"/><counter type="COMPLEXITY" missed="1" covered="0"/><counter type="METHOD" missed="1" covered="0"/></method><counter type="INSTRUCTION" missed="15" covered="0"/><counter type="LINE" missed="7" covered="0"/><counter type="COMPLEXITY" missed="4" covered="0"/><counter type="METHOD" missed="4" covered="0"/><counter type="CLASS" missed="1" covered="0"/></class><class name="com/tourtrek/notifications/AlarmBroadcastReceiver"><method name="&lt;init&gt;" desc="()V" line="10"><counter type="INSTRUCTION" missed="3" covered="0"/><counter type="LINE" missed="1" covered="0"/><counter type="COMPLEXITY" missed="1" covered="0"/><counter type="METHOD" missed="1" covered="0"/></method><method name="onReceive" desc="(Landroid/content/Context;Landroid/content/Intent;)V" line="18"><counter type="INSTRUCTION" missed="39" covered="0"/><counter type="BRANCH" missed="2" covered="0"/><counter type="LINE" missed="9" covered="0"/><counter type="COMPLEXITY" missed="2" covered="0"/><counter type="METHOD" missed="1" covered="0"/></method><method name="&lt;clinit&gt;" desc="()V" line="12"><counter type="INSTRUCTION" missed="5" covered="0"/><counter type="LINE" missed="2" covered="0"/><counter type="COMPLEXITY" missed="1" covered="0"/><counter type="METHOD" missed="1" covered="0"/></method><counter type="INSTRUCTION" missed="47" covered="0"/><counter type="BRANCH" missed="2" covered="0"/><counter type="LINE" missed="12" covered="0"/><counter type="COMPLEXITY" missed="4" covered="0"/><counter type="METHOD" missed="3" covered="0"/><counter type="CLASS" missed="1" covered="0"/></class><sourcefile name="FirebaseMessaging.java"><line nr="8" mi="3" ci="0" mb="0" cb="0"/><line nr="14" mi="3" ci="0" mb="0" cb="0"/><line nr="15" mi="1" ci="0" mb="0" cb="0"/><line nr="19" mi="3" ci="0" mb="0" cb="0"/><line nr="20" mi="1" ci="0" mb="0" cb="0"/><line nr="24" mi="3" ci="0" mb="0" cb="0"/><line nr="25" mi="1" ci="0" mb="0" cb="0"/><counter type="INSTRUCTION" missed="15" covered="0"/><counter type="LINE" missed="7" covered="0"/><counter type="COMPLEXITY" missed="4" covered="0"/><counter type="METHOD" missed="4" covered="0"/><counter type="CLASS" missed="1" covered="0"/></sourcefile><sourcefile name="AlarmBroadcastReceiver.java"><line nr="10" mi="3" ci="0" mb="0" cb="0"/><line nr="12" mi="2" ci="0" mb="0" cb="0"/><line nr="13" mi="3" ci="0" mb="0" cb="0"/><line nr="18" mi="5" ci="0" mb="0" cb="0"/><line nr="19" mi="5" ci="0" mb="0" cb="0"/><line nr="21" mi="3" ci="0" mb="2" cb="0"/><line nr="22" mi="2" ci="0" mb="0" cb="0"/><line nr="23" mi="11" ci="0" mb="0" cb="0"/><line nr="24" mi="3" ci="0" mb="0" cb="0"/><line nr="27" mi="5" ci="0" mb="0" cb="0"/><line nr="28" mi="4" ci="0" mb="0" cb="0"/><line nr="29" mi="1" ci="0" mb="0" cb="0"/><counter type="INSTRUCTION" missed="47" covered="0"/><counter type="BRANCH" missed="2" covered="0"/><counter type="LINE" missed="12" covered="0"/><counter type="COMPLEXITY" missed="4" covered="0"/><counter type="METHOD" missed="3" covered="0"/><counter type="CLASS" missed="1" covered="0"/></sourcefile><counter type="INSTRUCTION" missed="62" covered="0"/><counter type="BRANCH" missed="2" covered="0"/><counter type="LINE" missed="19" covered="0"/><counter type="COMPLEXITY" missed="8" covered="0"/><counter type="METHOD" missed="7" covered="0"/><counter type="CLASS" missed="2" covered="0"/></package><package name="com/tourtrek/data"><class name="com/tourtrek/data/AttractionReview"><method name="&lt;init&gt;" desc="()V" line="13"><counter type="INSTRUCTION" missed="3" covered="0"/><counter type="LINE" missed="2" covered="0"/><counter type="COMPLEXITY" missed="1" covered="0"/><counter type="METHOD" missed="1" covered="0"/></method><method name="&lt;init&gt;" desc="(Lcom/google/firebase/firestore/DocumentReference;Lcom/google/firebase/firestore/DocumentReference;ILjava/lang/String;)V" line="17"><counter type="INSTRUCTION" missed="16" covered="0"/><counter type="LINE" missed="6" covered="0"/><counter type="COMPLEXITY" missed="1" covered="0"/><counter type="METHOD" missed="1" covered="0"/></method><method name="getStars" desc="()F" line="25"><counter type="INSTRUCTION" missed="3" covered="0"/><counter type="LINE" missed="1" covered="0"/><counter type="COMPLEXITY" missed="1" covered="0"/><counter type="METHOD" missed="1" covered="0"/></method><method name="setStars" desc="(F)V" line="29"><counter type="INSTRUCTION" missed="4" covered="0"/><counter type="LINE" missed="2" covered="0"/><counter type="COMPLEXITY" missed="1" covered="0"/><counter type="METHOD" missed="1" covered="0"/></method><method name="getComment" desc="()Ljava/lang/String;" line="33"><counter type="INSTRUCTION" missed="3" covered="0"/><counter type="LINE" missed="1" covered="0"/><counter type="COMPLEXITY" missed="1" covered="0"/><counter type="METHOD" missed="1" covered="0"/></method><method name="setComment" desc="(Ljava/lang/String;)V" line="37"><counter type="INSTRUCTION" missed="4" covered="0"/><counter type="LINE" missed="2" covered="0"/><counter type="COMPLEXITY" missed="1" covered="0"/><counter type="METHOD" missed="1" covered="0"/></method><method name="getUser" desc="()Lcom/google/firebase/firestore/DocumentReference;" line="41"><counter type="INSTRUCTION" missed="3" covered="0"/><counter type="LINE" missed="1" covered="0"/><counter type="COMPLEXITY" missed="1" covered="0"/><counter type="METHOD" missed="1" covered="0"/></method><method name="setUser" desc="(Lcom/google/firebase/firestore/DocumentReference;)V" line="45"><counter type="INSTRUCTION" missed="4" covered="0"/><counter type="LINE" missed="2" covered="0"/><counter type="COMPLEXITY" missed="1" covered="0"/><counter type="METHOD" missed="1" covered="0"/></method><method name="getAttraction" desc="()Lcom/google/firebase/firestore/DocumentReference;" line="49"><counter type="INSTRUCTION" missed="3" covered="0"/><counter type="LINE" missed="1" covered="0"/><counter type="COMPLEXITY" missed="1" covered="0"/><counter type="METHOD" missed="1" covered="0"/></method><method name="setAttraction" desc="(Lcom/google/firebase/firestore/DocumentReference;)V" line="53"><counter type="INSTRUCTION" missed="4" covered="0"/><counter type="LINE" missed="2" covered="0"/><counter type="COMPLEXITY" missed="1" covered="0"/><counter type="METHOD" missed="1" covered="0"/></method><counter type="INSTRUCTION" missed="47" covered="0"/><counter type="LINE" missed="20" covered="0"/><counter type="COMPLEXITY" missed="10" covered="0"/><counter type="METHOD" missed="10" covered="0"/><counter type="CLASS" missed="1" covered="0"/></class><class name="com/tourtrek/data/User"><method name="&lt;init&gt;" desc="()V" line="23"><counter type="INSTRUCTION" missed="0" covered="3"/><counter type="LINE" missed="0" covered="1"/><counter type="COMPLEXITY" missed="0" covered="1"/><counter type="METHOD" missed="0" covered="1"/></method><method name="&lt;init&gt;" desc="(Ljava/lang/String;Ljava/lang/String;)V" line="25"><counter type="INSTRUCTION" missed="19" covered="0"/><counter type="LINE" missed="6" covered="0"/><counter type="COMPLEXITY" missed="1" covered="0"/><counter type="METHOD" missed="1" covered="0"/></method><method name="getSettings" desc="()Ljava/util/HashMap;" line="38"><counter type="INSTRUCTION" missed="0" covered="3"/><counter type="LINE" missed="0" covered="1"/><counter type="COMPLEXITY" missed="0" covered="1"/><counter type="METHOD" missed="0" covered="1"/></method><method name="setSettings" desc="(Ljava/util/HashMap;)V" line="47"><counter type="INSTRUCTION" missed="0" covered="4"/><counter type="LINE" missed="0" covered="2"/><counter type="COMPLEXITY" missed="0" covered="1"/><counter type="METHOD" missed="0" covered="1"/></method><method name="getUsername" desc="()Ljava/lang/String;" line="56"><counter type="INSTRUCTION" missed="3" covered="6"/><counter type="BRANCH" missed="1" covered="1"/><counter type="LINE" missed="1" covered="2"/><counter type="COMPLEXITY" missed="1" covered="1"/><counter type="METHOD" missed="0" covered="1"/></method><method name="setUsername" desc="(Ljava/lang/String;)V" line="68"><counter type="INSTRUCTION" missed="0" covered="4"/><counter type="LINE" missed="0" covered="2"/><counter type="COMPLEXITY" missed="0" covered="1"/><counter type="METHOD" missed="0" covered="1"/></method><method name="getEmail" desc="()Ljava/lang/String;" line="77"><counter type="INSTRUCTION" missed="0" covered="3"/><counter type="LINE" missed="0" covered="1"/><counter type="COMPLEXITY" missed="0" covered="1"/><counter type="METHOD" missed="0" covered="1"/></method><method name="setEmail" desc="(Ljava/lang/String;)V" line="86"><counter type="INSTRUCTION" missed="0" covered="4"/><counter type="LINE" missed="0" covered="2"/><counter type="COMPLEXITY" missed="0" covered="1"/><counter type="METHOD" missed="0" covered="1"/></method><method name="getProfileImageURI" desc="()Ljava/lang/String;" line="95"><counter type="INSTRUCTION" missed="0" covered="3"/><counter type="LINE" missed="0" covered="1"/><counter type="COMPLEXITY" missed="0" covered="1"/><counter type="METHOD" missed="0" covered="1"/></method><method name="setProfileImageURI" desc="(Ljava/lang/String;)V" line="104"><counter type="INSTRUCTION" missed="0" covered="4"/><counter type="LINE" missed="0" covered="2"/><counter type="COMPLEXITY" missed="0" covered="1"/><counter type="METHOD" missed="0" covered="1"/></method><method name="getTours" desc="()Ljava/util/List;" line="113"><counter type="INSTRUCTION" missed="5" covered="6"/><counter type="BRANCH" missed="1" covered="1"/><counter type="LINE" missed="1" covered="2"/><counter type="COMPLEXITY" missed="1" covered="1"/><counter type="METHOD" missed="0" covered="1"/></method><method name="setTours" desc="(Ljava/util/List;)V" line="125"><counter type="INSTRUCTION" missed="0" covered="4"/><counter type="LINE" missed="0" covered="2"/><counter type="COMPLEXITY" missed="0" covered="1"/><counter type="METHOD" missed="0" covered="1"/></method><method name="getContacts" desc="()Ljava/util/List;" line="129"><counter type="INSTRUCTION" missed="5" covered="6"/><counter type="BRANCH" missed="1" covered="1"/><counter type="LINE" missed="1" covered="2"/><counter type="COMPLEXITY" missed="1" covered="1"/><counter type="METHOD" missed="0" covered="1"/></method><method name="setContacts" desc="(Ljava/util/List;)V" line="136"><counter type="INSTRUCTION" missed="0" covered="4"/><counter type="LINE" missed="0" covered="2"/><counter type="COMPLEXITY" missed="0" covered="1"/><counter type="METHOD" missed="0" covered="1"/></method><method name="getFriends" desc="()Ljava/util/List;" line="145"><counter type="INSTRUCTION" missed="5" covered="6"/><counter type="BRANCH" missed="1" covered="1"/><counter type="LINE" missed="1" covered="2"/><counter type="COMPLEXITY" missed="1" covered="1"/><counter type="METHOD" missed="0" covered="1"/></method><method name="setFriends" desc="(Ljava/util/List;)V" line="157"><counter type="INSTRUCTION" missed="0" covered="4"/><counter type="LINE" missed="0" covered="2"/><counter type="COMPLEXITY" missed="0" covered="1"/><counter type="METHOD" missed="0" covered="1"/></method><method name="addTourToTours" desc="(Lcom/google/firebase/firestore/DocumentReference;)V" line="169"><counter type="INSTRUCTION" missed="5" covered="9"/><counter type="BRANCH" missed="1" covered="1"/><counter type="LINE" missed="1" covered="3"/><counter type="COMPLEXITY" missed="1" covered="1"/><counter type="METHOD" missed="0" covered="1"/></method><method name="addFriendToFriends" desc="(Lcom/google/firebase/firestore/DocumentReference;)V" line="182"><counter type="INSTRUCTION" missed="14" covered="0"/><counter type="BRANCH" missed="2" covered="0"/><counter type="LINE" missed="4" covered="0"/><counter type="COMPLEXITY" missed="2" c
[...]
i="0" ci="1" mb="0" cb="0"/><line nr="582" mi="0" ci="5" mb="0" cb="0"/><line nr="584" mi="0" ci="4" mb="0" cb="2"/><line nr="585" mi="0" ci="4" mb="0" cb="0"/><line nr="586" mi="0" ci="4" mb="0" cb="0"/><line nr="589" mi="0" ci="4" mb="0" cb="0"/><line nr="591" mi="0" ci="2" mb="0" cb="0"/><line nr="592" mi="0" ci="1" mb="0" cb="0"/><line nr="599" mi="0" ci="5" mb="0" cb="0"/><line nr="606" mi="0" ci="4" mb="0" cb="0"/><line nr="609" mi="0" ci="4" mb="0" cb="0"/><line nr="610" mi="0" ci="8" mb="0" cb="0"/><line nr="611" mi="0" ci="5" mb="0" cb="0"/><line nr="613" mi="0" ci="1" mb="0" cb="0"/><line nr="614" mi="0" ci="1" mb="0" cb="0"/><line nr="622" mi="0" ci="5" mb="0" cb="2"/><line nr="623" mi="0" ci="4" mb="0" cb="0"/><line nr="624" mi="0" ci="5" mb="1" cb="1"/><line nr="625" mi="0" ci="4" mb="0" cb="0"/><line nr="630" mi="5" ci="5" mb="3" cb="1"/><line nr="631" mi="0" ci="4" mb="0" cb="0"/><line nr="633" mi="0" ci="4" mb="0" cb="0"/><line nr="634" mi="0" ci="4" mb="0" cb="0"/><line nr="635" mi="0" ci="4" mb="0" cb="0"/><line nr="636" mi="0" ci="4" mb="0" cb="0"/><line nr="637" mi="0" ci="4" mb="0" cb="0"/><line nr="638" mi="0" ci="4" mb="0" cb="0"/><line nr="639" mi="0" ci="4" mb="0" cb="0"/><line nr="641" mi="0" ci="4" mb="0" cb="0"/><line nr="644" mi="0" ci="5" mb="0" cb="2"/><line nr="645" mi="0" ci="4" mb="0" cb="0"/><line nr="648" mi="0" ci="13" mb="0" cb="0"/><line nr="651" mi="4" ci="0" mb="0" cb="0"/><line nr="652" mi="4" ci="0" mb="0" cb="0"/><line nr="653" mi="4" ci="0" mb="0" cb="0"/><line nr="654" mi="2" ci="0" mb="0" cb="0"/><line nr="655" mi="7" ci="0" mb="0" cb="0"/><line nr="656" mi="1" ci="0" mb="0" cb="0"/><line nr="659" mi="0" ci="1" mb="0" cb="0"/><line nr="663" mi="0" ci="5" mb="0" cb="0"/><line nr="665" mi="0" ci="3" mb="1" cb="1"/><line nr="667" mi="0" ci="3" mb="1" cb="1"/><line nr="669" mi="0" ci="4" mb="0" cb="0"/><line nr="670" mi="0" ci="3" mb="0" cb="0"/><line nr="672" mi="0" ci="3" mb="0" cb="0"/><line nr="674" mi="0" ci="5" mb="0" cb="0"/><line nr="675" mi="0" ci="4" mb="0" cb="0"/><line nr="677" mi="0" ci="3" mb="1" cb="1"/><line nr="678" mi="0" ci="6" mb="0" cb="0"/><line nr="679" mi="0" ci="3" mb="0" cb="0"/><line nr="681" mi="0" ci="4" mb="0" cb="0"/><line nr="683" mi="0" ci="4" mb="0" cb="0"/><line nr="685" mi="0" ci="6" mb="0" cb="0"/><line nr="686" mi="0" ci="3" mb="0" cb="0"/><line nr="688" mi="0" ci="8" mb="0" cb="0"/><line nr="689" mi="0" ci="14" mb="0" cb="0"/><line nr="693" mi="0" ci="3" mb="0" cb="0"/><line nr="695" mi="0" ci="4" mb="0" cb="0"/><line nr="696" mi="0" ci="6" mb="0" cb="0"/><line nr="697" mi="0" ci="3" mb="0" cb="0"/><line nr="700" mi="0" ci="5" mb="0" cb="0"/><line nr="701" mi="0" ci="2" mb="0" cb="0"/><line nr="702" mi="0" ci="3" mb="0" cb="0"/><line nr="703" mi="0" ci="4" mb="0" cb="0"/><line nr="704" mi="0" ci="3" mb="0" cb="0"/><line nr="706" mi="0" ci="4" mb="0" cb="0"/><line nr="708" mi="0" ci="5" mb="0" cb="0"/><line nr="709" mi="0" ci="5" mb="0" cb="0"/><line nr="712" mi="0" ci="2" mb="0" cb="0"/><line nr="714" mi="0" ci="2" mb="0" cb="0"/><line nr="716" mi="0" ci="12" mb="0" cb="0"/><line nr="718" mi="0" ci="4" mb="0" cb="0"/><line nr="720" mi="0" ci="24" mb="0" cb="0"/><line nr="724" mi="0" ci="16" mb="0" cb="0"/><line nr="725" mi="0" ci="2" mb="0" cb="0"/><line nr="726" mi="0" ci="8" mb="0" cb="0"/><line nr="728" mi="0" ci="4" mb="0" cb="0"/><line nr="730" mi="0" ci="1" mb="0" cb="0"/><line nr="731" mi="0" ci="1" mb="0" cb="0"/><line nr="733" mi="0" ci="8" mb="0" cb="0"/><line nr="736" mi="4" ci="0" mb="0" cb="0"/><line nr="737" mi="6" ci="0" mb="0" cb="0"/><line nr="738" mi="6" ci="0" mb="0" cb="0"/><line nr="739" mi="1" ci="0" mb="0" cb="0"/><line nr="741" mi="0" ci="1" mb="0" cb="0"/><line nr="743" mi="0" ci="8" mb="0" cb="0"/><line nr="746" mi="4" ci="0" mb="0" cb="0"/><line nr="747" mi="5" ci="0" mb="0" cb="0"/><line nr="748" mi="5" ci="0" mb="0" cb="0"/><line nr="749" mi="1" ci="0" mb="0" cb="0"/><line nr="751" mi="0" ci="1" mb="0" cb="0"/><line nr="754" mi="4" ci="0" mb="0" cb="0"/><line nr="755" mi="3" ci="0" mb="0" cb="0"/><line nr="758" mi="4" ci="0" mb="0" cb="0"/><line nr="759" mi="3" ci="0" mb="0" cb="0"/><line nr="760" mi="4" ci="0" mb="0" cb="0"/><line nr="761" mi="2" ci="0" mb="0" cb="0"/><line nr="764" mi="0" ci="4" mb="0" cb="0"/><line nr="766" mi="0" ci="6" mb="0" cb="0"/><line nr="767" mi="0" ci="6" mb="0" cb="0"/><line nr="768" mi="0" ci="9" mb="0" cb="0"/><line nr="769" mi="0" ci="9" mb="0" cb="0"/><line nr="770" mi="0" ci="7" mb="0" cb="0"/><line nr="773" mi="0" ci="11" mb="0" cb="0"/><line nr="777" mi="5" ci="5" mb="3" cb="1"/><line nr="779" mi="14" ci="0" mb="2" cb="0"/><line nr="780" mi="4" ci="0" mb="0" cb="0"/><line nr="782" mi="5" ci="0" mb="0" cb="0"/><line nr="784" mi="2" ci="0" mb="0" cb="0"/><line nr="787" mi="4" ci="0" mb="0" cb="0"/><line nr="788" mi="3" ci="0" mb="0" cb="0"/><line nr="789" mi="1" ci="0" mb="0" cb="0"/><line nr="790" mi="2" ci="0" mb="0" cb="0"/><line nr="791" mi="4" ci="0" mb="0" cb="0"/><line nr="792" mi="1" ci="0" mb="0" cb="0"/><line nr="794" mi="4" ci="0" mb="0" cb="0"/><line nr="796" mi="4" ci="0" mb="0" cb="0"/><line nr="797" mi="4" ci="0" mb="0" cb="0"/><line nr="798" mi="4" ci="0" mb="0" cb="0"/><line nr="800" mi="2" ci="0" mb="0" cb="0"/><line nr="802" mi="6" ci="0" mb="0" cb="0"/><line nr="804" mi="4" ci="0" mb="0" cb="0"/><line nr="805" mi="4" ci="0" mb="0" cb="0"/><line nr="806" mi="4" ci="0" mb="0" cb="0"/><line nr="808" mi="9" ci="0" mb="6" cb="0"/><line nr="809" mi="11" ci="0" mb="0" cb="0"/><line nr="810" mi="1" ci="0" mb="0" cb="0"/><line nr="813" mi="4" ci="0" mb="0" cb="0"/><line nr="814" mi="1" ci="0" mb="0" cb="0"/><line nr="816" mi="0" ci="1" mb="0" cb="0"/><line nr="817" mi="3" ci="0" mb="2" cb="0"/><line nr="818" mi="4" ci="0" mb="0" cb="0"/><line nr="819" mi="3" ci="0" mb="0" cb="0"/><line nr="820" mi="3" ci="0" mb="0" cb="0"/><line nr="821" mi="5" ci="0" mb="0" cb="0"/><line nr="822" mi="1" ci="0" mb="0" cb="0"/><line nr="823" mi="3" ci="0" mb="2" cb="0"/><line nr="828" mi="6" ci="0" mb="4" cb="0"/><line nr="829" mi="8" ci="0" mb="4" cb="0"/><line nr="831" mi="3" ci="0" mb="0" cb="0"/><line nr="832" mi="3" ci="0" mb="0" cb="0"/><line nr="833" mi="4" ci="0" mb="0" cb="0"/><line nr="834" mi="2" ci="0" mb="0" cb="0"/><line nr="835" mi="3" ci="0" mb="0" cb="0"/><line nr="839" mi="0" ci="3" mb="1" cb="1"/><line nr="840" mi="6" ci="2" mb="3" cb="1"/><line nr="841" mi="0" ci="3" mb="1" cb="1"/><line nr="842" mi="3" ci="0" mb="0" cb="0"/><line nr="843" mi="3" ci="0" mb="0" cb="0"/><line nr="844" mi="4" ci="0" mb="0" cb="0"/><line nr="845" mi="2" ci="0" mb="0" cb="0"/><line nr="848" mi="17" ci="0" mb="0" cb="0"/><line nr="851" mi="5" ci="0" mb="0" cb="0"/><line nr="852" mi="4" ci="0" mb="0" cb="0"/><line nr="853" mi="1" ci="0" mb="0" cb="0"/><line nr="859" mi="0" ci="1" mb="0" cb="0"/><line nr="868" mi="2" ci="0" mb="0" cb="0"/><line nr="871" mi="3" ci="0" mb="0" cb="0"/><line nr="873" mi="2" ci="0" mb="0" cb="0"/><line nr="875" mi="12" ci="0" mb="0" cb="0"/><line nr="877" mi="4" ci="0" mb="0" cb="0"/><line nr="880" mi="22" ci="0" mb="0" cb="0"/><line nr="881" mi="2" ci="0" mb="0" cb="0"/><line nr="882" mi="13" ci="0" mb="0" cb="0"/><line nr="884" mi="14" ci="0" mb="0" cb="0"/><line nr="885" mi="3" ci="0" mb="0" cb="0"/><line nr="886" mi="6" ci="0" mb="0" cb="0"/><line nr="887" mi="1" ci="0" mb="0" cb="0"/><line nr="888" mi="2" ci="0" mb="0" cb="0"/><line nr="889" mi="16" ci="0" mb="0" cb="0"/><line nr="890" mi="1" ci="0" mb="0" cb="0"/><line nr="891" mi="1" ci="0" mb="0" cb="0"/><line nr="892" mi="1" ci="0" mb="0" cb="0"/><line nr="900" mi="0" ci="5" mb="0" cb="0"/><line nr="902" mi="0" ci="5" mb="0" cb="0"/><line nr="904" mi="0" ci="5" mb="0" cb="0"/><line nr="905" mi="0" ci="5" mb="0" cb="0"/><line nr="906" mi="0" ci="5" mb="0" cb="0"/><line nr="907" mi="0" ci="5" mb="0" cb="0"/><line nr="908" mi="0" ci="5" mb="0" cb="0"/><line nr="909" mi="0" ci="5" mb="0" cb="0"/><line nr="910" mi="0" ci="5" mb="0" cb="0"/><line nr="911" mi="0" ci="5" mb="0" cb="0"/><line nr="915" mi="0" ci="4" mb="0" cb="0"/><line nr="916" mi="0" ci="4" mb="0" cb="0"/><line nr="917" mi="0" ci="4" mb="0" cb="2"/><line nr="918" mi="0" ci="6" mb="0" cb="0"/><line nr="919" mi="0" ci="1" mb="0" cb="0"/><line nr="921" mi="0" ci="1" mb="0" cb="0"/><line nr="922" mi="0" ci="2" mb="0" cb="0"/><line nr="923" mi="0" ci="1" mb="0" cb="0"/><line nr="925" mi="0" ci="6" mb="0" cb="2"/><line nr="926" mi="0" ci="4" mb="0" cb="2"/><line nr="927" mi="0" ci="4" mb="0" cb="2"/><line nr="928" mi="0" ci="4" mb="0" cb="2"/><line nr="929" mi="0" ci="4" mb="0" cb="2"/><line nr="930" mi="0" ci="4" mb="0" cb="2"/><line nr="931" mi="0" ci="4" mb="0" cb="2"/><line nr="932" mi="0" ci="2" mb="0" cb="2"/><line nr="933" mi="0" ci="6" mb="0" cb="0"/><line nr="934" mi="0" ci="1" mb="0" cb="0"/><line nr="938" mi="0" ci="5" mb="0" cb="0"/><line nr="939" mi="1" ci="0" mb="0" cb="0"/><line nr="940" mi="4" ci="0" mb="0" cb="0"/><line nr="941" mi="2" ci="0" mb="0" cb="0"/><line nr="942" mi="0" ci="1" mb="0" cb="0"/><line nr="946" mi="0" ci="5" mb="0" cb="0"/><line nr="947" mi="1" ci="0" mb="0" cb="0"/><line nr="948" mi="4" ci="0" mb="0" cb="0"/><line nr="949" mi="1" ci="0" mb="0" cb="0"/><line nr="950" mi="0" ci="1" mb="0" cb="0"/><line nr="952" mi="0" ci="5" mb="0" cb="0"/><line nr="953" mi="0" ci="5" mb="0" cb="0"/><line nr="954" mi="0" ci="5" mb="0" cb="0"/><line nr="955" mi="0" ci="5" mb="0" cb="0"/><line nr="956" mi="0" ci="5" mb="0" cb="0"/><line nr="958" mi="5" ci="5" mb="3" cb="1"/><line nr="960" mi="2" ci="0" mb="0" cb="0"/><line nr="961" mi="6" ci="0" mb="0" cb="0"/><line nr="962" mi="6" ci="0" mb="0" cb="0"/><line nr="963" mi="6" ci="0" mb="0" cb="0"/><line nr="964" mi="6" ci="0" mb="0" cb="0"/><line nr="965" mi="6" ci="0" mb="0" cb="0"/><line nr="966" mi="6" ci="0" mb="0" cb="0"/><line nr="967" mi="6" ci="0" mb="0" cb="0"/><line nr="968" mi="6" ci="0" mb="0" cb="0"/><line nr="970" mi="8" ci="0" mb="4" cb="0"/><line nr="971" mi="6" ci="0" mb="0" cb="0"/><line nr="972" mi="1" ci="0" mb="0" cb="0"/><line nr="977" mi="0" ci="4" mb="0" cb="2"/><line nr="978" mi="0" ci="9" mb="0" cb="0"/><line nr="980" mi="0" ci="6" mb="0" cb="0"/><line nr="983" mi="0" ci="2" mb="0" cb="0"/><line nr="986" mi="0" ci="5" mb="0" cb="2"/><line nr="987" mi="0" ci="5" mb="0" cb="0"/><line nr="988" mi="0" ci="6" mb="0" cb="0"/><line nr="989" mi="0" ci="5" mb="0" cb="0"/><line nr="992" mi="0" ci="4" mb="0" cb="0"/><line nr="993" mi="0" ci="3" mb="0" cb="0"/><line nr="995" mi="0" ci="5" mb="0" cb="0"/><line nr="996" mi="0" ci="5" mb="0" cb="0"/><line nr="997" mi="0" ci="5" mb="0" cb="0"/><line nr="998" mi="0" ci="3" mb="0" cb="0"/><line nr="999" mi="0" ci="14" mb="0" cb="0"/><line nr="1002" mi="0" ci="17" mb="0" cb="0"/><line nr="1004" mi="0" ci="5" mb="0" cb="2"/><line nr="1005" mi="0" ci="6" mb="0" cb="0"/><line nr="1006" mi="0" ci="4" mb="0" cb="0"/><line nr="1009" mi="0" ci="6" mb="0" cb="0"/><line nr="1012" mi="0" ci="4" mb="0" cb="0"/><line nr="1013" mi="0" ci="3" mb="0" cb="0"/><line nr="1014" mi="0" ci="1" mb="0" cb="0"/><line nr="1015" mi="0" ci="2" mb="0" cb="0"/><line nr="1016" mi="4" ci="0" mb="0" cb="0"/><line nr="1017" mi="3" ci="0" mb="0" cb="0"/><line nr="1018" mi="4" ci="0" mb="0" cb="0"/><line nr="1019" mi="1" ci="0" mb="0" cb="0"/><line nr="1020" mi="0" ci="1" mb="0" cb="0"/><line nr="1021" mi="0" ci="1" mb="0" cb="0"/><line nr="1033" mi="0" ci="5" mb="0" cb="0"/><line nr="1035" mi="0" ci="5" mb="0" cb="0"/><line nr="1036" mi="0" ci="5" mb="0" cb="0"/><line nr="1037" mi="0" ci="3" mb="0" cb="0"/><line nr="1038" mi="0" ci="2" mb="0" cb="0"/><line nr="1041" mi="2" ci="5" mb="1" cb="1"/><line nr="1042" mi="0" ci="8" mb="1" cb="1"/><line nr="1043" mi="0" ci="7" mb="0" cb="0"/><line nr="1044" mi="0" ci="1" mb="0" cb="0"/><line nr="1049" mi="0" ci="9" mb="0" cb="0"/><line nr="1050" mi="0" ci="3" mb="0" cb="0"/><line nr="1052" mi="0" ci="6" mb="0" cb="0"/><line nr="1054" mi="0" ci="4" mb="0" cb="0"/><line nr="1055" mi="0" ci="4" mb="0" cb="0"/><line nr="1058" mi="0" ci="3" mb="0" cb="0"/><line nr="1061" mi="0" ci="3" mb="0" cb="0"/><line nr="1062" mi="0" ci="1" mb="0" cb="0"/><line nr="1063" mi="0" ci="2" mb="0" cb="0"/><line nr="1064" mi="6" ci="0" mb="0" cb="0"/><line nr="1065" mi="1" ci="0" mb="0" cb="0"/><line nr="1066" mi="0" ci="1" mb="0" cb="0"/><line nr="1067" mi="0" ci="1" mb="0" cb="0"/><line nr="1076" mi="0" ci="10" mb="0" cb="0"/><line nr="1077" mi="0" ci="3" mb="0" cb="0"/><line nr="1078" mi="0" ci="2" mb="0" cb="0"/><line nr="1079" mi="0" ci="4" mb="0" cb="0"/><line nr="1080" mi="0" ci="1" mb="0" cb="0"/><line nr="1081" mi="5" ci="2" mb="0" cb="0"/><line nr="1082" mi="0" ci="1" mb="0" cb="0"/><line nr="1085" mi="0" ci="29" mb="0" cb="0"/><line nr="1087" mi="0" ci="3" mb="0" cb="0"/><line nr="1089" mi="0" ci="2" mb="0" cb="0"/><line nr="1090" mi="0" ci="3" mb="0" cb="0"/><line nr="1091" mi="0" ci="4" mb="0" cb="0"/><line nr="1092" mi="0" ci="1" mb="0" cb="0"/><line nr="1095" mi="5" ci="0" mb="0" cb="0"/><line nr="1096" mi="4" ci="0" mb="0" cb="0"/><line nr="1097" mi="3" ci="0" mb="0" cb="0"/><line nr="1098" mi="4" ci="0" mb="0" cb="0"/><line nr="1099" mi="2" ci="0" mb="0" cb="0"/><line nr="1100" mi="1" ci="0" mb="0" cb="0"/><line nr="1104" mi="0" ci="27" mb="0" cb="0"/><line nr="1108" mi="0" ci="17" mb="0" cb="0"/><line nr="1109" mi="0" ci="4" mb="0" cb="0"/><line nr="1110" mi="0" ci="5" mb="0" cb="0"/><line nr="1113" mi="0" ci="5" mb="0" cb="2"/><line nr="1114" mi="0" ci="10" mb="0" cb="0"/><line nr="1116" mi="0" ci="9" mb="0" cb="0"/><line nr="1117" mi="1" ci="0" mb="0" cb="0"/><line nr="1118" mi="4" ci="0" mb="0" cb="0"/><line nr="1119" mi="0" ci="1" mb="0" cb="0"/><line nr="1121" mi="0" ci="3" mb="0" cb="2"/><line nr="1122" mi="0" ci="10" mb="0" cb="0"/><line nr="1125" mi="0" ci="4" mb="0" cb="2"/><line nr="1127" mi="0" ci="13" mb="1" cb="1"/><line nr="1128" mi="0" ci="4" mb="0" cb="0"/><line nr="1130" mi="0" ci="5" mb="0" cb="0"/><line nr="1132" mi="0" ci="2" mb="0" cb="0"/><line nr="1135" mi="0" ci="4" mb="0" cb="0"/><line nr="1136" mi="0" ci="3" mb="0" cb="0"/><line nr="1137" mi="1" ci="0" mb="0" cb="0"/><line nr="1138" mi="2" ci="0" mb="0" cb="0"/><line nr="1139" mi="4" ci="0" mb="0" cb="0"/><line nr="1140" mi="0" ci="1" mb="0" cb="0"/><line nr="1142" mi="0" ci="4" mb="0" cb="0"/><line nr="1144" mi="0" ci="4" mb="0" cb="0"/><line nr="1145" mi="0" ci="4" mb="0" cb="0"/><line nr="1146" mi="0" ci="4" mb="0" cb="0"/><line nr="1148" mi="0" ci="9" mb="2" cb="4"/><line nr="1149" mi="0" ci="11" mb="0" cb="0"/><line nr="1150" mi="0" ci="1" mb="0" cb="0"/><line nr="1153" mi="0" ci="4" mb="0" cb="0"/><line nr="1155" mi="0" ci="1" mb="0" cb="0"/><line nr="1158" mi="0" ci="1" mb="0" cb="0"/><line nr="1161" mi="0" ci="9" mb="0" cb="0"/><line nr="1163" mi="0" ci="2" mb="0" cb="0"/><line nr="1165" mi="0" ci="4" mb="1" cb="1"/><line nr="1166" mi="9" ci="0" mb="4" cb="0"/><line nr="1167" mi="7" ci="0" mb="0" cb="0"/><line nr="1169" mi="5" ci="0" mb="0" cb="0"/><line nr="1172" mi="0" ci="4" mb="0" cb="0"/><line nr="1173" mi="0" ci="4" mb="0" cb="0"/><line nr="1174" mi="0" ci="4" mb="0" cb="0"/><line nr="1176" mi="0" ci="10" mb="0" cb="0"/><line nr="1178" mi="0" ci="2" mb="0" cb="0"/><line nr="1179" mi="0" ci="1" mb="0" cb="0"/><line nr="1183" mi="7" ci="0" mb="0" cb="0"/><line nr="1185" mi="5" ci="0" mb="0" cb="0"/><line nr="1186" mi="6" ci="0" mb="0" cb="0"/><line nr="1187" mi="4" ci="0" mb="0" cb="0"/><line nr="1188" mi="5" ci="0" mb="0" cb="0"/><line nr="1189" mi="2" ci="0" mb="0" cb="0"/><line nr="1190" mi="1" ci="0" mb="0" cb="0"/><line nr="1192" mi="7" ci="0" mb="0" cb="0"/><line nr="1194" mi="5" ci="0" mb="0" cb="0"/><line nr="1196" mi="1" ci="0" mb="0" cb="0"/><line nr="1197" mi="3" ci="0" mb="0" cb="0"/><line nr="1198" mi="2" ci="0" mb="0" cb="0"/><line nr="1200" mi="1" ci="0" mb="0" cb="0"/><line nr="1204" mi="2" ci="0" mb="0" cb="0"/><line nr="1206" mi="5" ci="0" mb="0" cb="0"/><line nr="1207" mi="5" ci="0" mb="0" cb="0"/><line nr="1208" mi="5" ci="0" mb="0" cb="0"/><line nr="1209" mi="2" ci="0" mb="0" cb="0"/><line nr="1210" mi="14" ci="0" mb="0" cb="0"/><line nr="1213" mi="17" ci="0" mb="0" cb="0"/><line nr="1215" mi="1" ci="0" mb="0" cb="0"/><line nr="1216" mi="7" ci="0" mb="0" cb="0"/><line nr="1217" mi="1" ci="0" mb="0" cb="0"/><line nr="1221" mi="9" ci="0" mb="0" cb="0"/><line nr="1225" mi="2" ci="0" mb="0" cb="0"/><line nr="1226" mi="7" ci="0" mb="0" cb="0"/><line nr="1228" mi="7" ci="0" mb="2" cb="0"/><line nr="1229" mi="7" ci="0" mb="0" cb="0"/><line nr="1230" mi="5" ci="0" mb="0" cb="0"/><line nr="1231" mi="5" ci="0" mb="0" cb="0"/><line nr="1235" mi="6" ci="0" mb="0" cb="0"/><line nr="1236" mi="4" ci="0" mb="0" cb="0"/><line nr="1239" mi="8" ci="0" mb="0" cb="0"/><line nr="1240" mi="2" ci="0" mb="0" cb="0"/><line nr="1242" mi="6" ci="0" mb="0" cb="0"/><line nr="1243" mi="2" ci="0" mb="0" cb="0"/><line nr="1244" mi="1" ci="0" mb="0" cb="0"/><line nr="1249" mi="7" ci="0" mb="0" cb="0"/><line nr="1250" mi="4" ci="0" mb="0" cb="0"/><line nr="1252" mi="3" ci="0" mb="0" cb="0"/><line nr="1253" mi="3" ci="0" mb="0" cb="0"/><line nr="1255" mi="7" ci="0" mb="0" cb="0"/><line nr="1256" mi="7" ci="0" mb="0" cb="0"/><line nr="1257" mi="7" ci="0" mb="0" cb="0"/><line nr="1259" mi="13" ci="0" mb="0" cb="0"/><line nr="1262" mi="5" ci="0" mb="0" cb="0"/><line nr="1263" mi="4" ci="0" mb="0" cb="0"/><line nr="1264" mi="1" ci="0" mb="0" cb="0"/><line nr="1267" mi="13" ci="0" mb="0" cb="0"/><line nr="1270" mi="5" ci="0" mb="0" cb="0"/><line nr="1271" mi="4" ci="0" mb="0" cb="0"/><line nr="1272" mi="1" ci="0" mb="0" cb="0"/><line nr="1275" mi="5" ci="0" mb="0" cb="0"/><line nr="1276" mi="4" ci="0" mb="0" cb="0"/><line nr="1277" mi="4" ci="0" mb="0" cb="0"/><line nr="1278" mi="4" ci="0" mb="0" cb="0"/><line nr="1279" mi="2" ci="0" mb="0" cb="0"/><line nr="1280" mi="6" ci="0" mb="0" cb="0"/><line nr="1281" mi="1" ci="0" mb="0" cb="0"/><line nr="1283" mi="5" ci="0" mb="0" cb="0"/><line nr="1284" mi="4" ci="0" mb="0" cb="0"/><line nr="1285" mi="3" ci="0" mb="0" cb="0"/><line nr="1286" mi="4" ci="0" mb="0" cb="0"/><line nr="1287" mi="2" ci="0" mb="0" cb="0"/><line nr="1289" mi="2" ci="0" mb="0" cb="0"/><line nr="1291" mi="1" ci="0" mb="0" cb="0"/><line nr="1295" mi="2" ci="0" mb="0" cb="0"/><line nr="1298" mi="3" ci="0" mb="0" cb="0"/><line nr="1300" mi="2" ci="0" mb="0" cb="0"/><line nr="1302" mi="12" ci="0" mb="0" cb="0"/><line nr="1304" mi="4" ci="0" mb="0" cb="0"/><line nr="1307" mi="22" ci="0" mb="0" cb="0"/><line nr="1308" mi="2" ci="0" mb="0" cb="0"/><line nr="1309" mi="13" ci="0" mb="0" cb="0"/><line nr="1311" mi="14" ci="0" mb="0" cb="0"/><line nr="1312" mi="3" ci="0" mb="0" cb="0"/><line nr="1313" mi="6" ci="0" mb="0" cb="0"/><line nr="1314" mi="1" ci="0" mb="0" cb="0"/><line nr="1315" mi="2" ci="0" mb="0" cb="0"/><line nr="1316" mi="16" ci="0" mb="0" cb="0"/><line nr="1317" mi="1" ci="0" mb="0" cb="0"/><line nr="1318" mi="1" ci="0" mb="0" cb="0"/><line nr="1319" mi="1" ci="0" mb="0" cb="0"/><counter type="INSTRUCTION" missed="1020" covered="2054"/><counter type="BRANCH" missed="82" covered="110"/><counter type="LINE" missed="219" covered="403"/><counter type="COMPLEXITY" missed="98" covered="80"/><counter type="METHOD" missed="36" covered="46"/><counter type="CLASS" missed="3" covered="13"/></sourcefile><counter type="INSTRUCTION" missed="5570" covered="6171"/><counter type="BRANCH" missed="338" covered="320"/><counter type="LINE" missed="1176" covered="1258"/><counter type="COMPLEXITY" missed="455" covered="289"/><counter type="METHOD" missed="221" covered="180"/><counter type="CLASS" missed="34" covered="46"/></package><counter type="INSTRUCTION" missed="7319" covered="8862"/><counter type="BRANCH" missed="410" covered="404"/><counter type="LINE" missed="1623" covered="1897"/><counter type="COMPLEXITY" missed="646" covered="513"/><counter type="METHOD" missed="361" covered="377"/><counter type="CLASS" missed="59" covered="81"/></report>